ERROR 2026-07-13 16:06:40,429 
======================================================================
[TIME]: 2026-07-13 16:06:40
[USER]: Anonymous
[URL]: http://127.0.0.1:8000/admin/login/?next=/admin/clinicapp/doctor/
[DATA]: csrfmiddlewaretoken=7PQXKWUwy0dJ9szPvOQ3vI0wOtkdrQljtyp2yQMrfPaRLo3dsPDnNBxk5dfMmdN4&username=komiljonooov.d%40gmail.com&password=1&next=%2Fadmin%2Fclinicapp%2Fdoctor%2F
[ERROR]: ConnectionError: Error 10061 connecting to 127.0.0.1:6379. Подключение не установлено, т.к. конечный компьютер отверг запрос на подключение.
[TRACEBACK]:
Traceback (most recent call last):
  File "C:\Users\komil\Django\Clinic Management System\venv\Lib\site-packages\django_redis\cache.py", line 48, in _decorator
    return method(self, *args, **kwargs)
  File "C:\Users\komil\Django\Clinic Management System\venv\Lib\site-packages\django_redis\cache.py", line 162, in has_key
    return self.client.has_key(*args, **kwargs)
           ~~~~~~~~~~~~~~~~~~~^^^^^^^^^^^^^^^^^
  File "C:\Users\komil\Django\Clinic Management System\venv\Lib\site-packages\django_redis\client\default.py", line 830, in has_key
    raise ConnectionInterrupted(connection=client) from e
django_redis.exceptions.ConnectionInterrupted: Redis ConnectionError: Error 10061 connecting to 127.0.0.1:6379. Подключение не установлено, т.к. конечный компьютер отверг запрос на подключение.

During handling of the above exception, another exception occurred:

Traceback (most recent call last):
  File "C:\Users\komil\Django\Clinic Management System\venv\Lib\site-packages\django\core\handlers\base.py", line 198, in _get_response
    response = wrapped_callback(request, *callback_args, **callback_kwargs)
  File "C:\Users\komil\Django\Clinic Management System\venv\Lib\site-packages\django\utils\decorators.py", line 48, in _wrapper
    return bound_method(*args, **kwargs)
  File "C:\Users\komil\Django\Clinic Management System\venv\Lib\site-packages\django\views\decorators\cache.py", line 80, in _view_wrapper
    response = view_func(request, *args, **kwargs)
  File "C:\Users\komil\Django\Clinic Management System\venv\Lib\site-packages\django\contrib\admin\sites.py", line 450, in login
    return LoginView.as_view(**defaults)(request)
           ~~~~~~~~~~~~~~~~~~~~~~~~~~~~~^^^^^^^^^
  File "C:\Users\komil\Django\Clinic Management System\venv\Lib\site-packages\django\views\generic\base.py", line 106, in view
    return self.dispatch(request, *args, **kwargs)
           ~~~~~~~~~~~~~^^^^^^^^^^^^^^^^^^^^^^^^^^
  File "C:\Users\komil\Django\Clinic Management System\venv\Lib\site-packages\django\utils\decorators.py", line 48, in _wrapper
    return bound_method(*args, **kwargs)
  File "C:\Users\komil\Django\Clinic Management System\venv\Lib\site-packages\django\views\decorators\debug.py", line 143, in sensitive_post_parameters_wrapper
    return view(request, *args, **kwargs)
  File "C:\Users\komil\Django\Clinic Management System\venv\Lib\site-packages\django\utils\decorators.py", line 192, in _view_wrapper
    result = _process_exception(request, e)
  File "C:\Users\komil\Django\Clinic Management System\venv\Lib\site-packages\django\utils\decorators.py", line 190, in _view_wrapper
    response = view_func(request, *args, **kwargs)
  File "C:\Users\komil\Django\Clinic Management System\venv\Lib\site-packages\django\views\decorators\cache.py", line 80, in _view_wrapper
    response = view_func(request, *args, **kwargs)
  File "C:\Users\komil\Django\Clinic Management System\venv\Lib\site-packages\django\contrib\auth\views.py", line 89, in dispatch
    return super().dispatch(request, *args, **kwargs)
           ~~~~~~~~~~~~~~~~^^^^^^^^^^^^^^^^^^^^^^^^^^
  File "C:\Users\komil\Django\Clinic Management System\venv\Lib\site-packages\django\views\generic\base.py", line 145, in dispatch
    return handler(request, *args, **kwargs)
  File "C:\Users\komil\Django\Clinic Management System\venv\Lib\site-packages\django\views\generic\edit.py", line 151, in post
    return self.form_valid(form)
           ~~~~~~~~~~~~~~~^^^^^^
  File "C:\Users\komil\Django\Clinic Management System\venv\Lib\site-packages\django\contrib\auth\views.py", line 108, in form_valid
    auth_login(self.request, form.get_user())
    ~~~~~~~~~~^^^^^^^^^^^^^^^^^^^^^^^^^^^^^^^
  File "C:\Users\komil\Django\Clinic Management System\venv\Lib\site-packages\django\contrib\auth\__init__.py", line 187, in login
    request.session.cycle_key()
    ~~~~~~~~~~~~~~~~~~~~~~~~~^^
  File "C:\Users\komil\Django\Clinic Management System\venv\Lib\site-packages\django\contrib\sessions\backends\base.py", line 434, in cycle_key
    self.create()
    ~~~~~~~~~~~^^
  File "C:\Users\komil\Django\Clinic Management System\venv\Lib\site-packages\django\contrib\sessions\backends\cache.py", line 55, in create
    self._session_key = self._get_new_session_key()
                        ~~~~~~~~~~~~~~~~~~~~~~~~~^^
  File "C:\Users\komil\Django\Clinic Management System\venv\Lib\site-packages\django\contrib\sessions\backends\base.py", line 198, in _get_new_session_key
    if not self.exists(session_key):
           ~~~~~~~~~~~^^^^^^^^^^^^^
  File "C:\Users\komil\Django\Clinic Management System\venv\Lib\site-packages\django\contrib\sessions\backends\cache.py", line 117, in exists
    bool(session_key) and (self.cache_key_prefix + session_key) in self._cache
                          ^^^^^^^^^^^^^^^^^^^^^^^^^^^^^^^^^^^^^^^^^^^^^^^^^^^^
  File "C:\Users\komil\Django\Clinic Management System\venv\Lib\site-packages\django\core\cache\backends\base.py", line 301, in __contains__
    return self.has_key(key)
           ~~~~~~~~~~~~^^^^^
  File "C:\Users\komil\Django\Clinic Management System\venv\Lib\site-packages\django_redis\cache.py", line 55, in _decorator
    raise e.__cause__  # type: ignore[misc] # noqa: B904
    ^^^^^^^^^^^^^^^^^
  File "C:\Users\komil\Django\Clinic Management System\venv\Lib\site-packages\django_redis\client\default.py", line 828, in has_key
    return client.exists(key) == 1
           ~~~~~~~~~~~~~^^^^^
  File "C:\Users\komil\Django\Clinic Management System\venv\Lib\site-packages\redis\commands\core.py", line 2971, in exists
    return self.execute_command("EXISTS", *names, keys=names)
           ~~~~~~~~~~~~~~~~~~~~^^^^^^^^^^^^^^^^^^^^^^^^^^^^^^
  File "C:\Users\komil\Django\Clinic Management System\venv\Lib\site-packages\redis\client.py", line 798, in execute_command
    return self._execute_command(*args, **options)
           ~~~~~~~~~~~~~~~~~~~~~^^^^^^^^^^^^^^^^^^
  File "C:\Users\komil\Django\Clinic Management System\venv\Lib\site-packages\redis\client.py", line 804, in _execute_command
    conn = self.connection or pool.get_connection()
                              ~~~~~~~~~~~~~~~~~~~^^
  File "C:\Users\komil\Django\Clinic Management System\venv\Lib\site-packages\redis\utils.py", line 258, in wrapper
    return func(*args, **kwargs)
  File "C:\Users\komil\Django\Clinic Management System\venv\Lib\site-packages\redis\connection.py", line 3163, in get_connection
    connection.connect()
    ~~~~~~~~~~~~~~~~~~^^
  File "C:\Users\komil\Django\Clinic Management System\venv\Lib\site-packages\redis\connection.py", line 1007, in connect
    self.retry.call_with_retry(
    ~~~~~~~~~~~~~~~~~~~~~~~~~~^
        lambda: self.connect_check_health(
        ^^^^^^^^^^^^^^^^^^^^^^^^^^^^^^^^^^
    ...<2 lines>...
        lambda error: self.disconnect(error),
        ^^^^^^^^^^^^^^^^^^^^^^^^^^^^^^^^^^^^^
    )
    ^
  File "C:\Users\komil\Django\Clinic Management System\venv\Lib\site-packages\redis\retry.py", line 132, in call_with_retry
    raise error
  File "C:\Users\komil\Django\Clinic Management System\venv\Lib\site-packages\redis\retry.py", line 120, in call_with_retry
    return do()
  File "C:\Users\komil\Django\Clinic Management System\venv\Lib\site-packages\redis\connection.py", line 1008, in <lambda>
    lambda: self.connect_check_health(
            ~~~~~~~~~~~~~~~~~~~~~~~~~^
        check_health=True, retry_socket_connect=False
        ^^^^^^^^^^^^^^^^^^^^^^^^^^^^^^^^^^^^^^^^^^^^^
    ),
    ^
  File "C:\Users\komil\Django\Clinic Management System\venv\Lib\site-packages\redis\connection.py", line 1056, in connect_check_health
    raise e
redis.exceptions.ConnectionError: Error 10061 connecting to 127.0.0.1:6379. Подключение не установлено, т.к. конечный компьютер отверг запрос на подключение.

======================================================================
ERROR 2026-07-13 16:07:17,788 
======================================================================
[TIME]: 2026-07-13 16:07:17
[USER]: Anonymous
[URL]: http://127.0.0.1:8000/admin/login/?next=/admin/clinicapp/doctor/
[DATA]: csrfmiddlewaretoken=7PQXKWUwy0dJ9szPvOQ3vI0wOtkdrQljtyp2yQMrfPaRLo3dsPDnNBxk5dfMmdN4&username=komiljonooov.d%40gmail.com&password=1&next=%2Fadmin%2Fclinicapp%2Fdoctor%2F
[ERROR]: ConnectionError: Error 10061 connecting to 127.0.0.1:6379. Подключение не установлено, т.к. конечный компьютер отверг запрос на подключение.
[TRACEBACK]:
Traceback (most recent call last):
  File "C:\Users\komil\Django\Clinic Management System\venv\Lib\site-packages\django_redis\cache.py", line 48, in _decorator
    return method(self, *args, **kwargs)
  File "C:\Users\komil\Django\Clinic Management System\venv\Lib\site-packages\django_redis\cache.py", line 162, in has_key
    return self.client.has_key(*args, **kwargs)
           ~~~~~~~~~~~~~~~~~~~^^^^^^^^^^^^^^^^^
  File "C:\Users\komil\Django\Clinic Management System\venv\Lib\site-packages\django_redis\client\default.py", line 830, in has_key
    raise ConnectionInterrupted(connection=client) from e
django_redis.exceptions.ConnectionInterrupted: Redis ConnectionError: Error 10061 connecting to 127.0.0.1:6379. Подключение не установлено, т.к. конечный компьютер отверг запрос на подключение.

During handling of the above exception, another exception occurred:

Traceback (most recent call last):
  File "C:\Users\komil\Django\Clinic Management System\venv\Lib\site-packages\django\core\handlers\base.py", line 198, in _get_response
    response = wrapped_callback(request, *callback_args, **callback_kwargs)
  File "C:\Users\komil\Django\Clinic Management System\venv\Lib\site-packages\django\utils\decorators.py", line 48, in _wrapper
    return bound_method(*args, **kwargs)
  File "C:\Users\komil\Django\Clinic Management System\venv\Lib\site-packages\django\views\decorators\cache.py", line 80, in _view_wrapper
    response = view_func(request, *args, **kwargs)
  File "C:\Users\komil\Django\Clinic Management System\venv\Lib\site-packages\django\contrib\admin\sites.py", line 450, in login
    return LoginView.as_view(**defaults)(request)
           ~~~~~~~~~~~~~~~~~~~~~~~~~~~~~^^^^^^^^^
  File "C:\Users\komil\Django\Clinic Management System\venv\Lib\site-packages\django\views\generic\base.py", line 106, in view
    return self.dispatch(request, *args, **kwargs)
           ~~~~~~~~~~~~~^^^^^^^^^^^^^^^^^^^^^^^^^^
  File "C:\Users\komil\Django\Clinic Management System\venv\Lib\site-packages\django\utils\decorators.py", line 48, in _wrapper
    return bound_method(*args, **kwargs)
  File "C:\Users\komil\Django\Clinic Management System\venv\Lib\site-packages\django\views\decorators\debug.py", line 143, in sensitive_post_parameters_wrapper
    return view(request, *args, **kwargs)
  File "C:\Users\komil\Django\Clinic Management System\venv\Lib\site-packages\django\utils\decorators.py", line 192, in _view_wrapper
    result = _process_exception(request, e)
  File "C:\Users\komil\Django\Clinic Management System\venv\Lib\site-packages\django\utils\decorators.py", line 190, in _view_wrapper
    response = view_func(request, *args, **kwargs)
  File "C:\Users\komil\Django\Clinic Management System\venv\Lib\site-packages\django\views\decorators\cache.py", line 80, in _view_wrapper
    response = view_func(request, *args, **kwargs)
  File "C:\Users\komil\Django\Clinic Management System\venv\Lib\site-packages\django\contrib\auth\views.py", line 89, in dispatch
    return super().dispatch(request, *args, **kwargs)
           ~~~~~~~~~~~~~~~~^^^^^^^^^^^^^^^^^^^^^^^^^^
  File "C:\Users\komil\Django\Clinic Management System\venv\Lib\site-packages\django\views\generic\base.py", line 145, in dispatch
    return handler(request, *args, **kwargs)
  File "C:\Users\komil\Django\Clinic Management System\venv\Lib\site-packages\django\views\generic\edit.py", line 151, in post
    return self.form_valid(form)
           ~~~~~~~~~~~~~~~^^^^^^
  File "C:\Users\komil\Django\Clinic Management System\venv\Lib\site-packages\django\contrib\auth\views.py", line 108, in form_valid
    auth_login(self.request, form.get_user())
    ~~~~~~~~~~^^^^^^^^^^^^^^^^^^^^^^^^^^^^^^^
  File "C:\Users\komil\Django\Clinic Management System\venv\Lib\site-packages\django\contrib\auth\__init__.py", line 187, in login
    request.session.cycle_key()
    ~~~~~~~~~~~~~~~~~~~~~~~~~^^
  File "C:\Users\komil\Django\Clinic Management System\venv\Lib\site-packages\django\contrib\sessions\backends\base.py", line 434, in cycle_key
    self.create()
    ~~~~~~~~~~~^^
  File "C:\Users\komil\Django\Clinic Management System\venv\Lib\site-packages\django\contrib\sessions\backends\cache.py", line 55, in create
    self._session_key = self._get_new_session_key()
                        ~~~~~~~~~~~~~~~~~~~~~~~~~^^
  File "C:\Users\komil\Django\Clinic Management System\venv\Lib\site-packages\django\contrib\sessions\backends\base.py", line 198, in _get_new_session_key
    if not self.exists(session_key):
           ~~~~~~~~~~~^^^^^^^^^^^^^
  File "C:\Users\komil\Django\Clinic Management System\venv\Lib\site-packages\django\contrib\sessions\backends\cache.py", line 117, in exists
    bool(session_key) and (self.cache_key_prefix + session_key) in self._cache
                          ^^^^^^^^^^^^^^^^^^^^^^^^^^^^^^^^^^^^^^^^^^^^^^^^^^^^
  File "C:\Users\komil\Django\Clinic Management System\venv\Lib\site-packages\django\core\cache\backends\base.py", line 301, in __contains__
    return self.has_key(key)
           ~~~~~~~~~~~~^^^^^
  File "C:\Users\komil\Django\Clinic Management System\venv\Lib\site-packages\django_redis\cache.py", line 55, in _decorator
    raise e.__cause__  # type: ignore[misc] # noqa: B904
    ^^^^^^^^^^^^^^^^^
  File "C:\Users\komil\Django\Clinic Management System\venv\Lib\site-packages\django_redis\client\default.py", line 828, in has_key
    return client.exists(key) == 1
           ~~~~~~~~~~~~~^^^^^
  File "C:\Users\komil\Django\Clinic Management System\venv\Lib\site-packages\redis\commands\core.py", line 2971, in exists
    return self.execute_command("EXISTS", *names, keys=names)
           ~~~~~~~~~~~~~~~~~~~~^^^^^^^^^^^^^^^^^^^^^^^^^^^^^^
  File "C:\Users\komil\Django\Clinic Management System\venv\Lib\site-packages\redis\client.py", line 798, in execute_command
    return self._execute_command(*args, **options)
           ~~~~~~~~~~~~~~~~~~~~~^^^^^^^^^^^^^^^^^^
  File "C:\Users\komil\Django\Clinic Management System\venv\Lib\site-packages\redis\client.py", line 804, in _execute_command
    conn = self.connection or pool.get_connection()
                              ~~~~~~~~~~~~~~~~~~~^^
  File "C:\Users\komil\Django\Clinic Management System\venv\Lib\site-packages\redis\utils.py", line 258, in wrapper
    return func(*args, **kwargs)
  File "C:\Users\komil\Django\Clinic Management System\venv\Lib\site-packages\redis\connection.py", line 3163, in get_connection
    connection.connect()
    ~~~~~~~~~~~~~~~~~~^^
  File "C:\Users\komil\Django\Clinic Management System\venv\Lib\site-packages\redis\connection.py", line 1007, in connect
    self.retry.call_with_retry(
    ~~~~~~~~~~~~~~~~~~~~~~~~~~^
        lambda: self.connect_check_health(
        ^^^^^^^^^^^^^^^^^^^^^^^^^^^^^^^^^^
    ...<2 lines>...
        lambda error: self.disconnect(error),
        ^^^^^^^^^^^^^^^^^^^^^^^^^^^^^^^^^^^^^
    )
    ^
  File "C:\Users\komil\Django\Clinic Management System\venv\Lib\site-packages\redis\retry.py", line 132, in call_with_retry
    raise error
  File "C:\Users\komil\Django\Clinic Management System\venv\Lib\site-packages\redis\retry.py", line 120, in call_with_retry
    return do()
  File "C:\Users\komil\Django\Clinic Management System\venv\Lib\site-packages\redis\connection.py", line 1008, in <lambda>
    lambda: self.connect_check_health(
            ~~~~~~~~~~~~~~~~~~~~~~~~~^
        check_health=True, retry_socket_connect=False
        ^^^^^^^^^^^^^^^^^^^^^^^^^^^^^^^^^^^^^^^^^^^^^
    ),
    ^
  File "C:\Users\komil\Django\Clinic Management System\venv\Lib\site-packages\redis\connection.py", line 1056, in connect_check_health
    raise e
redis.exceptions.ConnectionError: Error 10061 connecting to 127.0.0.1:6379. Подключение не установлено, т.к. конечный компьютер отверг запрос на подключение.

======================================================================
ERROR 2026-07-13 16:37:31,609 
======================================================================
[TIME]: 2026-07-13 16:37:31
[USER]: None(ID:4)
[URL]: http://127.0.0.1:8000/appointment/?search=sar
[DATA]: No body
[ERROR]: FieldError: Unsupported lookup 'full_name__icontains' for OneToOneField or join on the field not permitted.
[TRACEBACK]:
Traceback (most recent call last):
  File "C:\Users\komil\Django\Clinic Management System\venv\Lib\site-packages\django\core\handlers\base.py", line 198, in _get_response
    response = wrapped_callback(request, *callback_args, **callback_kwargs)
  File "C:\Users\komil\Django\Clinic Management System\venv\Lib\site-packages\django\views\decorators\csrf.py", line 65, in _view_wrapper
    return view_func(request, *args, **kwargs)
  File "C:\Users\komil\Django\Clinic Management System\venv\Lib\site-packages\django\views\generic\base.py", line 106, in view
    return self.dispatch(request, *args, **kwargs)
           ~~~~~~~~~~~~~^^^^^^^^^^^^^^^^^^^^^^^^^^
  File "C:\Users\komil\Django\Clinic Management System\venv\Lib\site-packages\rest_framework\views.py", line 515, in dispatch
    response = self.handle_exception(exc)
  File "C:\Users\komil\Django\Clinic Management System\venv\Lib\site-packages\rest_framework\views.py", line 475, in handle_exception
    self.raise_uncaught_exception(exc)
    ~~~~~~~~~~~~~~~~~~~~~~~~~~~~~^^^^^
  File "C:\Users\komil\Django\Clinic Management System\venv\Lib\site-packages\rest_framework\views.py", line 486, in raise_uncaught_exception
    raise exc
  File "C:\Users\komil\Django\Clinic Management System\venv\Lib\site-packages\rest_framework\views.py", line 512, in dispatch
    response = handler(request, *args, **kwargs)
  File "C:\Users\komil\Django\Clinic Management System\venv\Lib\site-packages\rest_framework\generics.py", line 243, in get
    return self.list(request, *args, **kwargs)
           ~~~~~~~~~^^^^^^^^^^^^^^^^^^^^^^^^^^
  File "C:\Users\komil\Django\Clinic Management System\clinicapp\views\cache.py", line 15, in list
    response = super().list(request, *args, **kwargs)
  File "C:\Users\komil\Django\Clinic Management System\venv\Lib\site-packages\rest_framework\mixins.py", line 38, in list
    queryset = self.filter_queryset(self.get_queryset())
  File "C:\Users\komil\Django\Clinic Management System\venv\Lib\site-packages\rest_framework\generics.py", line 154, in filter_queryset
    queryset = backend().filter_queryset(self.request, queryset, self)
  File "C:\Users\komil\Django\Clinic Management System\venv\Lib\site-packages\rest_framework\filters.py", line 157, in filter_queryset
    queryset = queryset.filter(reduce(operator.and_, conditions))
  File "C:\Users\komil\Django\Clinic Management System\venv\Lib\site-packages\django\db\models\query.py", line 1542, in filter
    return self._filter_or_exclude(False, args, kwargs)
           ~~~~~~~~~~~~~~~~~~~~~~~^^^^^^^^^^^^^^^^^^^^^
  File "C:\Users\komil\Django\Clinic Management System\venv\Lib\site-packages\django\db\models\query.py", line 1560, in _filter_or_exclude
    clone._filter_or_exclude_inplace(negate, args, kwargs)
    ~~~~~~~~~~~~~~~~~~~~~~~~~~~~~~~~^^^^^^^^^^^^^^^^^^^^^^
  File "C:\Users\komil\Django\Clinic Management System\venv\Lib\site-packages\django\db\models\query.py", line 1570, in _filter_or_exclude_inplace
    self._query.add_q(Q(*args, **kwargs))
    ~~~~~~~~~~~~~~~~~^^^^^^^^^^^^^^^^^^^^
  File "C:\Users\komil\Django\Clinic Management System\venv\Lib\site-packages\django\db\models\sql\query.py", line 1676, in add_q
    clause, _ = self._add_q(q_object, can_reuse)
                ~~~~~~~~~~~^^^^^^^^^^^^^^^^^^^^^
  File "C:\Users\komil\Django\Clinic Management System\venv\Lib\site-packages\django\db\models\sql\query.py", line 1708, in _add_q
    child_clause, needed_inner = self.build_filter(
                                 ~~~~~~~~~~~~~~~~~^
        child,
        ^^^^^^
    ...<7 lines>...
        update_join_types=update_join_types,
        ^^^^^^^^^^^^^^^^^^^^^^^^^^^^^^^^^^^^
    )
    ^
  File "C:\Users\komil\Django\Clinic Management System\venv\Lib\site-packages\django\db\models\sql\query.py", line 1533, in build_filter
    return self._add_q(
           ~~~~~~~~~~~^
        filter_expr,
        ^^^^^^^^^^^^
    ...<7 lines>...
        update_join_types=update_join_types,
        ^^^^^^^^^^^^^^^^^^^^^^^^^^^^^^^^^^^^
    )
    ^
  File "C:\Users\komil\Django\Clinic Management System\venv\Lib\site-packages\django\db\models\sql\query.py", line 1708, in _add_q
    child_clause, needed_inner = self.build_filter(
                                 ~~~~~~~~~~~~~~~~~^
        child,
        ^^^^^^
    ...<7 lines>...
        update_join_types=update_join_types,
        ^^^^^^^^^^^^^^^^^^^^^^^^^^^^^^^^^^^^
    )
    ^
  File "C:\Users\komil\Django\Clinic Management System\venv\Lib\site-packages\django\db\models\sql\query.py", line 1618, in build_filter
    condition = self.build_lookup(lookups, col, value)
  File "C:\Users\komil\Django\Clinic Management System\venv\Lib\site-packages\django\db\models\sql\query.py", line 1432, in build_lookup
    lhs = self.try_transform(lhs, name, lookups)
  File "C:\Users\komil\Django\Clinic Management System\venv\Lib\site-packages\django\db\models\sql\query.py", line 1488, in try_transform
    raise FieldError(
    ...<2 lines>...
    )
django.core.exceptions.FieldError: Unsupported lookup 'full_name__icontains' for OneToOneField or join on the field not permitted.

======================================================================
ERROR 2026-07-13 17:10:40,870 
======================================================================
[TIME]: 2026-07-13 17:10:40
[USER]: Anonymous
[URL]: http://127.0.0.1:8000/swagger/?format=openapi
[DATA]: No body
[ERROR]: AttributeError: 'AnonymousUser' object has no attribute 'role'
[TRACEBACK]:
Traceback (most recent call last):
  File "C:\Users\komil\Django\Clinic Management System\venv\Lib\site-packages\django\core\handlers\base.py", line 198, in _get_response
    response = wrapped_callback(request, *callback_args, **callback_kwargs)
  File "C:\Users\komil\Django\Clinic Management System\venv\Lib\site-packages\django\views\decorators\csrf.py", line 65, in _view_wrapper
    return view_func(request, *args, **kwargs)
  File "C:\Users\komil\Django\Clinic Management System\venv\Lib\site-packages\django\views\generic\base.py", line 106, in view
    return self.dispatch(request, *args, **kwargs)
           ~~~~~~~~~~~~~^^^^^^^^^^^^^^^^^^^^^^^^^^
  File "C:\Users\komil\Django\Clinic Management System\venv\Lib\site-packages\rest_framework\views.py", line 515, in dispatch
    response = self.handle_exception(exc)
  File "C:\Users\komil\Django\Clinic Management System\venv\Lib\site-packages\rest_framework\views.py", line 475, in handle_exception
    self.raise_uncaught_exception(exc)
    ~~~~~~~~~~~~~~~~~~~~~~~~~~~~~^^^^^
  File "C:\Users\komil\Django\Clinic Management System\venv\Lib\site-packages\rest_framework\views.py", line 486, in raise_uncaught_exception
    raise exc
  File "C:\Users\komil\Django\Clinic Management System\venv\Lib\site-packages\rest_framework\views.py", line 512, in dispatch
    response = handler(request, *args, **kwargs)
  File "C:\Users\komil\Django\Clinic Management System\venv\Lib\site-packages\drf_yasg\views.py", line 129, in get
    schema = generator.get_schema(request, self.public)
  File "C:\Users\komil\Django\Clinic Management System\venv\Lib\site-packages\drf_yasg\generators.py", line 337, in get_schema
    paths, prefix = self.get_paths(endpoints, components, request, public)
                    ~~~~~~~~~~~~~~^^^^^^^^^^^^^^^^^^^^^^^^^^^^^^^^^^^^^^^^
  File "C:\Users\komil\Django\Clinic Management System\venv\Lib\site-packages\drf_yasg\generators.py", line 561, in get_paths
    operation = self.get_operation(
        view, path, prefix, method, components, request
    )
  File "C:\Users\komil\Django\Clinic Management System\venv\Lib\site-packages\drf_yasg\generators.py", line 609, in get_operation
    operation = view_inspector.get_operation(operation_keys)
  File "C:\Users\komil\Django\Clinic Management System\venv\Lib\site-packages\drf_yasg\inspectors\view.py", line 57, in get_operation
    responses = self.get_responses()
  File "C:\Users\komil\Django\Clinic Management System\venv\Lib\site-packages\drf_yasg\inspectors\view.py", line 223, in get_responses
    response_serializers = self.get_response_serializers()
  File "C:\Users\komil\Django\Clinic Management System\venv\Lib\site-packages\drf_yasg\inspectors\view.py", line 286, in get_response_serializers
    responses = self.get_default_responses()
  File "C:\Users\komil\Django\Clinic Management System\venv\Lib\site-packages\drf_yasg\inspectors\view.py", line 256, in get_default_responses
    default_schema = self.serializer_to_schema(default_schema) or ""
                     ~~~~~~~~~~~~~~~~~~~~~~~~~^^^^^^^^^^^^^^^^
  File "C:\Users\komil\Django\Clinic Management System\venv\Lib\site-packages\drf_yasg\inspectors\base.py", line 551, in serializer_to_schema
    return self.probe_inspectors(
           ~~~~~~~~~~~~~~~~~~~~~^
        self.field_inspectors,
        ^^^^^^^^^^^^^^^^^^^^^^
    ...<2 lines>...
        {"field_inspectors": self.field_inspectors},
        ^^^^^^^^^^^^^^^^^^^^^^^^^^^^^^^^^^^^^^^^^^^^
    )
    ^
  File "C:\Users\komil\Django\Clinic Management System\venv\Lib\site-packages\drf_yasg\inspectors\base.py", line 137, in probe_inspectors
    result = method(obj, **kwargs)
  File "C:\Users\komil\Django\Clinic Management System\venv\Lib\site-packages\drf_yasg\inspectors\field.py", line 58, in get_schema
    return self.probe_field_inspectors(
           ~~~~~~~~~~~~~~~~~~~~~~~~~~~^
        serializer, openapi.Schema, self.use_definitions
        ^^^^^^^^^^^^^^^^^^^^^^^^^^^^^^^^^^^^^^^^^^^^^^^^
    )
    ^
  File "C:\Users\komil\Django\Clinic Management System\venv\Lib\site-packages\drf_yasg\inspectors\base.py", line 277, in probe_field_inspectors
    return self.probe_inspectors(
           ~~~~~~~~~~~~~~~~~~~~~^
        self.field_inspectors,
        ^^^^^^^^^^^^^^^^^^^^^^
    ...<5 lines>...
        **kwargs,
        ^^^^^^^^^
    )
    ^
  File "C:\Users\komil\Django\Clinic Management System\venv\Lib\site-packages\drf_yasg\inspectors\base.py", line 137, in probe_inspectors
    result = method(obj, **kwargs)
  File "C:\Users\komil\Django\Clinic Management System\venv\Lib\site-packages\drf_yasg\inspectors\field.py", line 157, in field_to_swagger_object
    actual_schema = definitions.setdefault(ref_name, make_schema_definition)
  File "C:\Users\komil\Django\Clinic Management System\venv\Lib\site-packages\drf_yasg\openapi.py", line 825, in setdefault
    ret = maker()
  File "C:\Users\komil\Django\Clinic Management System\venv\Lib\site-packages\drf_yasg\inspectors\field.py", line 128, in make_schema_definition
    for property_name, child in serializer.fields.items():
                                ^^^^^^^^^^^^^^^^^
  File "C:\Users\komil\Django\Clinic Management System\venv\Lib\site-packages\django\utils\functional.py", line 47, in __get__
    res = instance.__dict__[self.name] = self.func(instance)
                                         ~~~~~~~~~^^^^^^^^^^
  File "C:\Users\komil\Django\Clinic Management System\venv\Lib\site-packages\rest_framework\serializers.py", line 386, in fields
    for key, value in self.get_fields().items():
                      ~~~~~~~~~~~~~~~^^
  File "C:\Users\komil\Django\Clinic Management System\clinicapp\serializers\doctor_serializer.py", line 19, in get_fields
    if request and request.user.role !='ADMIN':
                   ^^^^^^^^^^^^^^^^^
AttributeError: 'AnonymousUser' object has no attribute 'role'

======================================================================
ERROR 2026-07-13 17:10:48,328 
======================================================================
[TIME]: 2026-07-13 17:10:48
[USER]: Anonymous
[URL]: http://127.0.0.1:8000/swagger/?format=openapi
[DATA]: No body
[ERROR]: AttributeError: 'AnonymousUser' object has no attribute 'role'
[TRACEBACK]:
Traceback (most recent call last):
  File "C:\Users\komil\Django\Clinic Management System\venv\Lib\site-packages\django\core\handlers\base.py", line 198, in _get_response
    response = wrapped_callback(request, *callback_args, **callback_kwargs)
  File "C:\Users\komil\Django\Clinic Management System\venv\Lib\site-packages\django\views\decorators\csrf.py", line 65, in _view_wrapper
    return view_func(request, *args, **kwargs)
  File "C:\Users\komil\Django\Clinic Management System\venv\Lib\site-packages\django\views\generic\base.py", line 106, in view
    return self.dispatch(request, *args, **kwargs)
           ~~~~~~~~~~~~~^^^^^^^^^^^^^^^^^^^^^^^^^^
  File "C:\Users\komil\Django\Clinic Management System\venv\Lib\site-packages\rest_framework\views.py", line 515, in dispatch
    response = self.handle_exception(exc)
  File "C:\Users\komil\Django\Clinic Management System\venv\Lib\site-packages\rest_framework\views.py", line 475, in handle_exception
    self.raise_uncaught_exception(exc)
    ~~~~~~~~~~~~~~~~~~~~~~~~~~~~~^^^^^
  File "C:\Users\komil\Django\Clinic Management System\venv\Lib\site-packages\rest_framework\views.py", line 486, in raise_uncaught_exception
    raise exc
  File "C:\Users\komil\Django\Clinic Management System\venv\Lib\site-packages\rest_framework\views.py", line 512, in dispatch
    response = handler(request, *args, **kwargs)
  File "C:\Users\komil\Django\Clinic Management System\venv\Lib\site-packages\drf_yasg\views.py", line 129, in get
    schema = generator.get_schema(request, self.public)
  File "C:\Users\komil\Django\Clinic Management System\venv\Lib\site-packages\drf_yasg\generators.py", line 337, in get_schema
    paths, prefix = self.get_paths(endpoints, components, request, public)
                    ~~~~~~~~~~~~~~^^^^^^^^^^^^^^^^^^^^^^^^^^^^^^^^^^^^^^^^
  File "C:\Users\komil\Django\Clinic Management System\venv\Lib\site-packages\drf_yasg\generators.py", line 561, in get_paths
    operation = self.get_operation(
        view, path, prefix, method, components, request
    )
  File "C:\Users\komil\Django\Clinic Management System\venv\Lib\site-packages\drf_yasg\generators.py", line 609, in get_operation
    operation = view_inspector.get_operation(operation_keys)
  File "C:\Users\komil\Django\Clinic Management System\venv\Lib\site-packages\drf_yasg\inspectors\view.py", line 57, in get_operation
    responses = self.get_responses()
  File "C:\Users\komil\Django\Clinic Management System\venv\Lib\site-packages\drf_yasg\inspectors\view.py", line 223, in get_responses
    response_serializers = self.get_response_serializers()
  File "C:\Users\komil\Django\Clinic Management System\venv\Lib\site-packages\drf_yasg\inspectors\view.py", line 286, in get_response_serializers
    responses = self.get_default_responses()
  File "C:\Users\komil\Django\Clinic Management System\venv\Lib\site-packages\drf_yasg\inspectors\view.py", line 256, in get_default_responses
    default_schema = self.serializer_to_schema(default_schema) or ""
                     ~~~~~~~~~~~~~~~~~~~~~~~~~^^^^^^^^^^^^^^^^
  File "C:\Users\komil\Django\Clinic Management System\venv\Lib\site-packages\drf_yasg\inspectors\base.py", line 551, in serializer_to_schema
    return self.probe_inspectors(
           ~~~~~~~~~~~~~~~~~~~~~^
        self.field_inspectors,
        ^^^^^^^^^^^^^^^^^^^^^^
    ...<2 lines>...
        {"field_inspectors": self.field_inspectors},
        ^^^^^^^^^^^^^^^^^^^^^^^^^^^^^^^^^^^^^^^^^^^^
    )
    ^
  File "C:\Users\komil\Django\Clinic Management System\venv\Lib\site-packages\drf_yasg\inspectors\base.py", line 137, in probe_inspectors
    result = method(obj, **kwargs)
  File "C:\Users\komil\Django\Clinic Management System\venv\Lib\site-packages\drf_yasg\inspectors\field.py", line 58, in get_schema
    return self.probe_field_inspectors(
           ~~~~~~~~~~~~~~~~~~~~~~~~~~~^
        serializer, openapi.Schema, self.use_definitions
        ^^^^^^^^^^^^^^^^^^^^^^^^^^^^^^^^^^^^^^^^^^^^^^^^
    )
    ^
  File "C:\Users\komil\Django\Clinic Management System\venv\Lib\site-packages\drf_yasg\inspectors\base.py", line 277, in probe_field_inspectors
    return self.probe_inspectors(
           ~~~~~~~~~~~~~~~~~~~~~^
        self.field_inspectors,
        ^^^^^^^^^^^^^^^^^^^^^^
    ...<5 lines>...
        **kwargs,
        ^^^^^^^^^
    )
    ^
  File "C:\Users\komil\Django\Clinic Management System\venv\Lib\site-packages\drf_yasg\inspectors\base.py", line 137, in probe_inspectors
    result = method(obj, **kwargs)
  File "C:\Users\komil\Django\Clinic Management System\venv\Lib\site-packages\drf_yasg\inspectors\field.py", line 157, in field_to_swagger_object
    actual_schema = definitions.setdefault(ref_name, make_schema_definition)
  File "C:\Users\komil\Django\Clinic Management System\venv\Lib\site-packages\drf_yasg\openapi.py", line 825, in setdefault
    ret = maker()
  File "C:\Users\komil\Django\Clinic Management System\venv\Lib\site-packages\drf_yasg\inspectors\field.py", line 128, in make_schema_definition
    for property_name, child in serializer.fields.items():
                                ^^^^^^^^^^^^^^^^^
  File "C:\Users\komil\Django\Clinic Management System\venv\Lib\site-packages\django\utils\functional.py", line 47, in __get__
    res = instance.__dict__[self.name] = self.func(instance)
                                         ~~~~~~~~~^^^^^^^^^^
  File "C:\Users\komil\Django\Clinic Management System\venv\Lib\site-packages\rest_framework\serializers.py", line 386, in fields
    for key, value in self.get_fields().items():
                      ~~~~~~~~~~~~~~~^^
  File "C:\Users\komil\Django\Clinic Management System\clinicapp\serializers\doctor_serializer.py", line 19, in get_fields
    if request and request.user.role !='ADMIN':
                   ^^^^^^^^^^^^^^^^^
AttributeError: 'AnonymousUser' object has no attribute 'role'

======================================================================
ERROR 2026-07-13 17:11:38,489 
======================================================================
[TIME]: 2026-07-13 17:11:38
[USER]: Anonymous
[URL]: http://127.0.0.1:8000/swagger/?format=openapi
[DATA]: No body
[ERROR]: AttributeError: 'AnonymousUser' object has no attribute 'role'
[TRACEBACK]:
Traceback (most recent call last):
  File "C:\Users\komil\Django\Clinic Management System\venv\Lib\site-packages\django\core\handlers\base.py", line 198, in _get_response
    response = wrapped_callback(request, *callback_args, **callback_kwargs)
  File "C:\Users\komil\Django\Clinic Management System\venv\Lib\site-packages\django\views\decorators\csrf.py", line 65, in _view_wrapper
    return view_func(request, *args, **kwargs)
  File "C:\Users\komil\Django\Clinic Management System\venv\Lib\site-packages\django\views\generic\base.py", line 106, in view
    return self.dispatch(request, *args, **kwargs)
           ~~~~~~~~~~~~~^^^^^^^^^^^^^^^^^^^^^^^^^^
  File "C:\Users\komil\Django\Clinic Management System\venv\Lib\site-packages\rest_framework\views.py", line 515, in dispatch
    response = self.handle_exception(exc)
  File "C:\Users\komil\Django\Clinic Management System\venv\Lib\site-packages\rest_framework\views.py", line 475, in handle_exception
    self.raise_uncaught_exception(exc)
    ~~~~~~~~~~~~~~~~~~~~~~~~~~~~~^^^^^
  File "C:\Users\komil\Django\Clinic Management System\venv\Lib\site-packages\rest_framework\views.py", line 486, in raise_uncaught_exception
    raise exc
  File "C:\Users\komil\Django\Clinic Management System\venv\Lib\site-packages\rest_framework\views.py", line 512, in dispatch
    response = handler(request, *args, **kwargs)
  File "C:\Users\komil\Django\Clinic Management System\venv\Lib\site-packages\drf_yasg\views.py", line 129, in get
    schema = generator.get_schema(request, self.public)
  File "C:\Users\komil\Django\Clinic Management System\venv\Lib\site-packages\drf_yasg\generators.py", line 337, in get_schema
    paths, prefix = self.get_paths(endpoints, components, request, public)
                    ~~~~~~~~~~~~~~^^^^^^^^^^^^^^^^^^^^^^^^^^^^^^^^^^^^^^^^
  File "C:\Users\komil\Django\Clinic Management System\venv\Lib\site-packages\drf_yasg\generators.py", line 561, in get_paths
    operation = self.get_operation(
        view, path, prefix, method, components, request
    )
  File "C:\Users\komil\Django\Clinic Management System\venv\Lib\site-packages\drf_yasg\generators.py", line 609, in get_operation
    operation = view_inspector.get_operation(operation_keys)
  File "C:\Users\komil\Django\Clinic Management System\venv\Lib\site-packages\drf_yasg\inspectors\view.py", line 57, in get_operation
    responses = self.get_responses()
  File "C:\Users\komil\Django\Clinic Management System\venv\Lib\site-packages\drf_yasg\inspectors\view.py", line 223, in get_responses
    response_serializers = self.get_response_serializers()
  File "C:\Users\komil\Django\Clinic Management System\venv\Lib\site-packages\drf_yasg\inspectors\view.py", line 286, in get_response_serializers
    responses = self.get_default_responses()
  File "C:\Users\komil\Django\Clinic Management System\venv\Lib\site-packages\drf_yasg\inspectors\view.py", line 256, in get_default_responses
    default_schema = self.serializer_to_schema(default_schema) or ""
                     ~~~~~~~~~~~~~~~~~~~~~~~~~^^^^^^^^^^^^^^^^
  File "C:\Users\komil\Django\Clinic Management System\venv\Lib\site-packages\drf_yasg\inspectors\base.py", line 551, in serializer_to_schema
    return self.probe_inspectors(
           ~~~~~~~~~~~~~~~~~~~~~^
        self.field_inspectors,
        ^^^^^^^^^^^^^^^^^^^^^^
    ...<2 lines>...
        {"field_inspectors": self.field_inspectors},
        ^^^^^^^^^^^^^^^^^^^^^^^^^^^^^^^^^^^^^^^^^^^^
    )
    ^
  File "C:\Users\komil\Django\Clinic Management System\venv\Lib\site-packages\drf_yasg\inspectors\base.py", line 137, in probe_inspectors
    result = method(obj, **kwargs)
  File "C:\Users\komil\Django\Clinic Management System\venv\Lib\site-packages\drf_yasg\inspectors\field.py", line 58, in get_schema
    return self.probe_field_inspectors(
           ~~~~~~~~~~~~~~~~~~~~~~~~~~~^
        serializer, openapi.Schema, self.use_definitions
        ^^^^^^^^^^^^^^^^^^^^^^^^^^^^^^^^^^^^^^^^^^^^^^^^
    )
    ^
  File "C:\Users\komil\Django\Clinic Management System\venv\Lib\site-packages\drf_yasg\inspectors\base.py", line 277, in probe_field_inspectors
    return self.probe_inspectors(
           ~~~~~~~~~~~~~~~~~~~~~^
        self.field_inspectors,
        ^^^^^^^^^^^^^^^^^^^^^^
    ...<5 lines>...
        **kwargs,
        ^^^^^^^^^
    )
    ^
  File "C:\Users\komil\Django\Clinic Management System\venv\Lib\site-packages\drf_yasg\inspectors\base.py", line 137, in probe_inspectors
    result = method(obj, **kwargs)
  File "C:\Users\komil\Django\Clinic Management System\venv\Lib\site-packages\drf_yasg\inspectors\field.py", line 157, in field_to_swagger_object
    actual_schema = definitions.setdefault(ref_name, make_schema_definition)
  File "C:\Users\komil\Django\Clinic Management System\venv\Lib\site-packages\drf_yasg\openapi.py", line 825, in setdefault
    ret = maker()
  File "C:\Users\komil\Django\Clinic Management System\venv\Lib\site-packages\drf_yasg\inspectors\field.py", line 128, in make_schema_definition
    for property_name, child in serializer.fields.items():
                                ^^^^^^^^^^^^^^^^^
  File "C:\Users\komil\Django\Clinic Management System\venv\Lib\site-packages\django\utils\functional.py", line 47, in __get__
    res = instance.__dict__[self.name] = self.func(instance)
                                         ~~~~~~~~~^^^^^^^^^^
  File "C:\Users\komil\Django\Clinic Management System\venv\Lib\site-packages\rest_framework\serializers.py", line 386, in fields
    for key, value in self.get_fields().items():
                      ~~~~~~~~~~~~~~~^^
  File "C:\Users\komil\Django\Clinic Management System\clinicapp\serializers\doctor_serializer.py", line 19, in get_fields
    if request and request.user.role !='ADMIN':
                   ^^^^^^^^^^^^^^^^^
AttributeError: 'AnonymousUser' object has no attribute 'role'

======================================================================
ERROR 2026-07-13 17:11:39,189 
======================================================================
[TIME]: 2026-07-13 17:11:39
[USER]: Anonymous
[URL]: http://127.0.0.1:8000/swagger/?format=openapi
[DATA]: No body
[ERROR]: AttributeError: 'AnonymousUser' object has no attribute 'role'
[TRACEBACK]:
Traceback (most recent call last):
  File "C:\Users\komil\Django\Clinic Management System\venv\Lib\site-packages\django\core\handlers\base.py", line 198, in _get_response
    response = wrapped_callback(request, *callback_args, **callback_kwargs)
  File "C:\Users\komil\Django\Clinic Management System\venv\Lib\site-packages\django\views\decorators\csrf.py", line 65, in _view_wrapper
    return view_func(request, *args, **kwargs)
  File "C:\Users\komil\Django\Clinic Management System\venv\Lib\site-packages\django\views\generic\base.py", line 106, in view
    return self.dispatch(request, *args, **kwargs)
           ~~~~~~~~~~~~~^^^^^^^^^^^^^^^^^^^^^^^^^^
  File "C:\Users\komil\Django\Clinic Management System\venv\Lib\site-packages\rest_framework\views.py", line 515, in dispatch
    response = self.handle_exception(exc)
  File "C:\Users\komil\Django\Clinic Management System\venv\Lib\site-packages\rest_framework\views.py", line 475, in handle_exception
    self.raise_uncaught_exception(exc)
    ~~~~~~~~~~~~~~~~~~~~~~~~~~~~~^^^^^
  File "C:\Users\komil\Django\Clinic Management System\venv\Lib\site-packages\rest_framework\views.py", line 486, in raise_uncaught_exception
    raise exc
  File "C:\Users\komil\Django\Clinic Management System\venv\Lib\site-packages\rest_framework\views.py", line 512, in dispatch
    response = handler(request, *args, **kwargs)
  File "C:\Users\komil\Django\Clinic Management System\venv\Lib\site-packages\drf_yasg\views.py", line 129, in get
    schema = generator.get_schema(request, self.public)
  File "C:\Users\komil\Django\Clinic Management System\venv\Lib\site-packages\drf_yasg\generators.py", line 337, in get_schema
    paths, prefix = self.get_paths(endpoints, components, request, public)
                    ~~~~~~~~~~~~~~^^^^^^^^^^^^^^^^^^^^^^^^^^^^^^^^^^^^^^^^
  File "C:\Users\komil\Django\Clinic Management System\venv\Lib\site-packages\drf_yasg\generators.py", line 561, in get_paths
    operation = self.get_operation(
        view, path, prefix, method, components, request
    )
  File "C:\Users\komil\Django\Clinic Management System\venv\Lib\site-packages\drf_yasg\generators.py", line 609, in get_operation
    operation = view_inspector.get_operation(operation_keys)
  File "C:\Users\komil\Django\Clinic Management System\venv\Lib\site-packages\drf_yasg\inspectors\view.py", line 57, in get_operation
    responses = self.get_responses()
  File "C:\Users\komil\Django\Clinic Management System\venv\Lib\site-packages\drf_yasg\inspectors\view.py", line 223, in get_responses
    response_serializers = self.get_response_serializers()
  File "C:\Users\komil\Django\Clinic Management System\venv\Lib\site-packages\drf_yasg\inspectors\view.py", line 286, in get_response_serializers
    responses = self.get_default_responses()
  File "C:\Users\komil\Django\Clinic Management System\venv\Lib\site-packages\drf_yasg\inspectors\view.py", line 256, in get_default_responses
    default_schema = self.serializer_to_schema(default_schema) or ""
                     ~~~~~~~~~~~~~~~~~~~~~~~~~^^^^^^^^^^^^^^^^
  File "C:\Users\komil\Django\Clinic Management System\venv\Lib\site-packages\drf_yasg\inspectors\base.py", line 551, in serializer_to_schema
    return self.probe_inspectors(
           ~~~~~~~~~~~~~~~~~~~~~^
        self.field_inspectors,
        ^^^^^^^^^^^^^^^^^^^^^^
    ...<2 lines>...
        {"field_inspectors": self.field_inspectors},
        ^^^^^^^^^^^^^^^^^^^^^^^^^^^^^^^^^^^^^^^^^^^^
    )
    ^
  File "C:\Users\komil\Django\Clinic Management System\venv\Lib\site-packages\drf_yasg\inspectors\base.py", line 137, in probe_inspectors
    result = method(obj, **kwargs)
  File "C:\Users\komil\Django\Clinic Management System\venv\Lib\site-packages\drf_yasg\inspectors\field.py", line 58, in get_schema
    return self.probe_field_inspectors(
           ~~~~~~~~~~~~~~~~~~~~~~~~~~~^
        serializer, openapi.Schema, self.use_definitions
        ^^^^^^^^^^^^^^^^^^^^^^^^^^^^^^^^^^^^^^^^^^^^^^^^
    )
    ^
  File "C:\Users\komil\Django\Clinic Management System\venv\Lib\site-packages\drf_yasg\inspectors\base.py", line 277, in probe_field_inspectors
    return self.probe_inspectors(
           ~~~~~~~~~~~~~~~~~~~~~^
        self.field_inspectors,
        ^^^^^^^^^^^^^^^^^^^^^^
    ...<5 lines>...
        **kwargs,
        ^^^^^^^^^
    )
    ^
  File "C:\Users\komil\Django\Clinic Management System\venv\Lib\site-packages\drf_yasg\inspectors\base.py", line 137, in probe_inspectors
    result = method(obj, **kwargs)
  File "C:\Users\komil\Django\Clinic Management System\venv\Lib\site-packages\drf_yasg\inspectors\field.py", line 157, in field_to_swagger_object
    actual_schema = definitions.setdefault(ref_name, make_schema_definition)
  File "C:\Users\komil\Django\Clinic Management System\venv\Lib\site-packages\drf_yasg\openapi.py", line 825, in setdefault
    ret = maker()
  File "C:\Users\komil\Django\Clinic Management System\venv\Lib\site-packages\drf_yasg\inspectors\field.py", line 128, in make_schema_definition
    for property_name, child in serializer.fields.items():
                                ^^^^^^^^^^^^^^^^^
  File "C:\Users\komil\Django\Clinic Management System\venv\Lib\site-packages\django\utils\functional.py", line 47, in __get__
    res = instance.__dict__[self.name] = self.func(instance)
                                         ~~~~~~~~~^^^^^^^^^^
  File "C:\Users\komil\Django\Clinic Management System\venv\Lib\site-packages\rest_framework\serializers.py", line 386, in fields
    for key, value in self.get_fields().items():
                      ~~~~~~~~~~~~~~~^^
  File "C:\Users\komil\Django\Clinic Management System\clinicapp\serializers\doctor_serializer.py", line 19, in get_fields
    if request and request.user.role !='ADMIN':
                   ^^^^^^^^^^^^^^^^^
AttributeError: 'AnonymousUser' object has no attribute 'role'

======================================================================
ERROR 2026-07-13 12:39:47,380 
======================================================================
[TIME]: 2026-07-13 12:39:47
[USER]: Anonymous
[URL]: http://localhost:8000/static/admin/css/base.css
[DATA]: No body
[ERROR]: Http404: вЂњ/app/staticfiles/admin/css/base.cssвЂќ does not exist
[TRACEBACK]:
Traceback (most recent call last):
  File "/usr/local/lib/python3.12/site-packages/django/core/handlers/base.py", line 198, in _get_response
    response = wrapped_callback(request, *callback_args, **callback_kwargs)
               ^^^^^^^^^^^^^^^^^^^^^^^^^^^^^^^^^^^^^^^^^^^^^^^^^^^^^^^^^^^^
  File "/usr/local/lib/python3.12/site-packages/django/views/static.py", line 51, in serve
    raise Http404(_("вЂњ%(path)sвЂќ does not exist") % {"path": fullpath})
django.http.response.Http404: вЂњ/app/staticfiles/admin/css/base.cssвЂќ does not exist

======================================================================
ERROR 2026-07-13 12:39:47,387 
======================================================================
[TIME]: 2026-07-13 12:39:47
[USER]: Anonymous
[URL]: http://localhost:8000/static/admin/css/dark_mode.css
[DATA]: No body
[ERROR]: Http404: вЂњ/app/staticfiles/admin/css/dark_mode.cssвЂќ does not exist
[TRACEBACK]:
Traceback (most recent call last):
  File "/usr/local/lib/python3.12/site-packages/django/core/handlers/base.py", line 198, in _get_response
    response = wrapped_callback(request, *callback_args, **callback_kwargs)
               ^^^^^^^^^^^^^^^^^^^^^^^^^^^^^^^^^^^^^^^^^^^^^^^^^^^^^^^^^^^^
  File "/usr/local/lib/python3.12/site-packages/django/views/static.py", line 51, in serve
    raise Http404(_("вЂњ%(path)sвЂќ does not exist") % {"path": fullpath})
django.http.response.Http404: вЂњ/app/staticfiles/admin/css/dark_mode.cssвЂќ does not exist

======================================================================
ERROR 2026-07-13 12:39:47,394 
======================================================================
[TIME]: 2026-07-13 12:39:47
[USER]: Anonymous
[URL]: http://localhost:8000/static/admin/css/nav_sidebar.css
[DATA]: No body
[ERROR]: Http404: вЂњ/app/staticfiles/admin/css/nav_sidebar.cssвЂќ does not exist
[TRACEBACK]:
Traceback (most recent call last):
  File "/usr/local/lib/python3.12/site-packages/django/core/handlers/base.py", line 198, in _get_response
    response = wrapped_callback(request, *callback_args, **callback_kwargs)
               ^^^^^^^^^^^^^^^^^^^^^^^^^^^^^^^^^^^^^^^^^^^^^^^^^^^^^^^^^^^^
  File "/usr/local/lib/python3.12/site-packages/django/views/static.py", line 51, in serve
    raise Http404(_("вЂњ%(path)sвЂќ does not exist") % {"path": fullpath})
django.http.response.Http404: вЂњ/app/staticfiles/admin/css/nav_sidebar.cssвЂќ does not exist

======================================================================
ERROR 2026-07-13 12:39:47,401 
======================================================================
[TIME]: 2026-07-13 12:39:47
[USER]: Anonymous
[URL]: http://localhost:8000/static/admin/js/theme.js
[DATA]: No body
[ERROR]: Http404: вЂњ/app/staticfiles/admin/js/theme.jsвЂќ does not exist
[TRACEBACK]:
Traceback (most recent call last):
  File "/usr/local/lib/python3.12/site-packages/django/core/handlers/base.py", line 198, in _get_response
    response = wrapped_callback(request, *callback_args, **callback_kwargs)
               ^^^^^^^^^^^^^^^^^^^^^^^^^^^^^^^^^^^^^^^^^^^^^^^^^^^^^^^^^^^^
  File "/usr/local/lib/python3.12/site-packages/django/views/static.py", line 51, in serve
    raise Http404(_("вЂњ%(path)sвЂќ does not exist") % {"path": fullpath})
django.http.response.Http404: вЂњ/app/staticfiles/admin/js/theme.jsвЂќ does not exist

======================================================================
ERROR 2026-07-13 12:39:47,406 
======================================================================
[TIME]: 2026-07-13 12:39:47
[USER]: Anonymous
[URL]: http://localhost:8000/static/admin/css/login.css
[DATA]: No body
[ERROR]: Http404: вЂњ/app/staticfiles/admin/css/login.cssвЂќ does not exist
[TRACEBACK]:
Traceback (most recent call last):
  File "/usr/local/lib/python3.12/site-packages/django/core/handlers/base.py", line 198, in _get_response
    response = wrapped_callback(request, *callback_args, **callback_kwargs)
               ^^^^^^^^^^^^^^^^^^^^^^^^^^^^^^^^^^^^^^^^^^^^^^^^^^^^^^^^^^^^
  File "/usr/local/lib/python3.12/site-packages/django/views/static.py", line 51, in serve
    raise Http404(_("вЂњ%(path)sвЂќ does not exist") % {"path": fullpath})
django.http.response.Http404: вЂњ/app/staticfiles/admin/css/login.cssвЂќ does not exist

======================================================================
ERROR 2026-07-13 12:39:47,413 
======================================================================
[TIME]: 2026-07-13 12:39:47
[USER]: Anonymous
[URL]: http://localhost:8000/static/admin/css/responsive.css
[DATA]: No body
[ERROR]: Http404: вЂњ/app/staticfiles/admin/css/responsive.cssвЂќ does not exist
[TRACEBACK]:
Traceback (most recent call last):
  File "/usr/local/lib/python3.12/site-packages/django/core/handlers/base.py", line 198, in _get_response
    response = wrapped_callback(request, *callback_args, **callback_kwargs)
               ^^^^^^^^^^^^^^^^^^^^^^^^^^^^^^^^^^^^^^^^^^^^^^^^^^^^^^^^^^^^
  File "/usr/local/lib/python3.12/site-packages/django/views/static.py", line 51, in serve
    raise Http404(_("вЂњ%(path)sвЂќ does not exist") % {"path": fullpath})
django.http.response.Http404: вЂњ/app/staticfiles/admin/css/responsive.cssвЂќ does not exist

======================================================================
ERROR 2026-07-13 12:39:47,418 
======================================================================
[TIME]: 2026-07-13 12:39:47
[USER]: Anonymous
[URL]: http://localhost:8000/static/admin/css/nav_sidebar.css
[DATA]: No body
[ERROR]: Http404: вЂњ/app/staticfiles/admin/css/nav_sidebar.cssвЂќ does not exist
[TRACEBACK]:
Traceback (most recent call last):
  File "/usr/local/lib/python3.12/site-packages/django/core/handlers/base.py", line 198, in _get_response
    response = wrapped_callback(request, *callback_args, **callback_kwargs)
               ^^^^^^^^^^^^^^^^^^^^^^^^^^^^^^^^^^^^^^^^^^^^^^^^^^^^^^^^^^^^
  File "/usr/local/lib/python3.12/site-packages/django/views/static.py", line 51, in serve
    raise Http404(_("вЂњ%(path)sвЂќ does not exist") % {"path": fullpath})
django.http.response.Http404: вЂњ/app/staticfiles/admin/css/nav_sidebar.cssвЂќ does not exist

======================================================================
ERROR 2026-07-13 12:39:47,424 
======================================================================
[TIME]: 2026-07-13 12:39:47
[USER]: Anonymous
[URL]: http://localhost:8000/static/admin/js/nav_sidebar.js
[DATA]: No body
[ERROR]: Http404: вЂњ/app/staticfiles/admin/js/nav_sidebar.jsвЂќ does not exist
[TRACEBACK]:
Traceback (most recent call last):
  File "/usr/local/lib/python3.12/site-packages/django/core/handlers/base.py", line 198, in _get_response
    response = wrapped_callback(request, *callback_args, **callback_kwargs)
               ^^^^^^^^^^^^^^^^^^^^^^^^^^^^^^^^^^^^^^^^^^^^^^^^^^^^^^^^^^^^
  File "/usr/local/lib/python3.12/site-packages/django/views/static.py", line 51, in serve
    raise Http404(_("вЂњ%(path)sвЂќ does not exist") % {"path": fullpath})
django.http.response.Http404: вЂњ/app/staticfiles/admin/js/nav_sidebar.jsвЂќ does not exist

======================================================================
ERROR 2026-07-13 13:11:29,409 
======================================================================
[TIME]: 2026-07-13 13:11:29
[USER]: Anonymous
[URL]: http://localhost:8000/admin/login/?next=/admin/
[DATA]: csrfmiddlewaretoken=FJ5cEN6xTthnca5OJDJE1qCEQ6HgQlCVqDdt6V3d5xrdJFiRzfgsnGJpzqRef5PJ&username=komiljonooov.d%40gmail.com&password=1&next=%2Fadmin%2F
[ERROR]: ProgrammingError: relation "usersapp_user" does not exist
LINE 1: ...rsapp_user"."email", "usersapp_user"."phone" FROM "usersapp_...
                                                             ^

[TRACEBACK]:
Traceback (most recent call last):
  File "/usr/local/lib/python3.12/site-packages/django/db/backends/utils.py", line 105, in _execute
    return self.cursor.execute(sql, params)
           ^^^^^^^^^^^^^^^^^^^^^^^^^^^^^^^^
psycopg2.errors.UndefinedTable: relation "usersapp_user" does not exist
LINE 1: ...rsapp_user"."email", "usersapp_user"."phone" FROM "usersapp_...
                                                             ^


The above exception was the direct cause of the following exception:

Traceback (most recent call last):
  File "/usr/local/lib/python3.12/site-packages/django/core/handlers/base.py", line 198, in _get_response
    response = wrapped_callback(request, *callback_args, **callback_kwargs)
               ^^^^^^^^^^^^^^^^^^^^^^^^^^^^^^^^^^^^^^^^^^^^^^^^^^^^^^^^^^^^
  File "/usr/local/lib/python3.12/site-packages/django/utils/decorators.py", line 48, in _wrapper
    return bound_method(*args, **kwargs)
           ^^^^^^^^^^^^^^^^^^^^^^^^^^^^^
  File "/usr/local/lib/python3.12/site-packages/django/views/decorators/cache.py", line 80, in _view_wrapper
    response = view_func(request, *args, **kwargs)
               ^^^^^^^^^^^^^^^^^^^^^^^^^^^^^^^^^^^
  File "/usr/local/lib/python3.12/site-packages/django/contrib/admin/sites.py", line 450, in login
    return LoginView.as_view(**defaults)(request)
           ^^^^^^^^^^^^^^^^^^^^^^^^^^^^^^^^^^^^^^
  File "/usr/local/lib/python3.12/site-packages/django/views/generic/base.py", line 106, in view
    return self.dispatch(request, *args, **kwargs)
           ^^^^^^^^^^^^^^^^^^^^^^^^^^^^^^^^^^^^^^^
  File "/usr/local/lib/python3.12/site-packages/django/utils/decorators.py", line 48, in _wrapper
    return bound_method(*args, **kwargs)
           ^^^^^^^^^^^^^^^^^^^^^^^^^^^^^
  File "/usr/local/lib/python3.12/site-packages/django/views/decorators/debug.py", line 143, in sensitive_post_parameters_wrapper
    return view(request, *args, **kwargs)
           ^^^^^^^^^^^^^^^^^^^^^^^^^^^^^^
  File "/usr/local/lib/python3.12/site-packages/django/utils/decorators.py", line 192, in _view_wrapper
    result = _process_exception(request, e)
             ^^^^^^^^^^^^^^^^^^^^^^^^^^^^^^
  File "/usr/local/lib/python3.12/site-packages/django/utils/decorators.py", line 190, in _view_wrapper
    response = view_func(request, *args, **kwargs)
               ^^^^^^^^^^^^^^^^^^^^^^^^^^^^^^^^^^^
  File "/usr/local/lib/python3.12/site-packages/django/views/decorators/cache.py", line 80, in _view_wrapper
    response = view_func(request, *args, **kwargs)
               ^^^^^^^^^^^^^^^^^^^^^^^^^^^^^^^^^^^
  File "/usr/local/lib/python3.12/site-packages/django/contrib/auth/views.py", line 89, in dispatch
    return super().dispatch(request, *args, **kwargs)
           ^^^^^^^^^^^^^^^^^^^^^^^^^^^^^^^^^^^^^^^^^^
  File "/usr/local/lib/python3.12/site-packages/django/views/generic/base.py", line 145, in dispatch
    return handler(request, *args, **kwargs)
           ^^^^^^^^^^^^^^^^^^^^^^^^^^^^^^^^^
  File "/usr/local/lib/python3.12/site-packages/django/views/generic/edit.py", line 150, in post
    if form.is_valid():
       ^^^^^^^^^^^^^^^
  File "/usr/local/lib/python3.12/site-packages/django/forms/forms.py", line 206, in is_valid
    return self.is_bound and not self.errors
                                 ^^^^^^^^^^^
  File "/usr/local/lib/python3.12/site-packages/django/forms/forms.py", line 201, in errors
    self.full_clean()
  File "/usr/local/lib/python3.12/site-packages/django/forms/forms.py", line 338, in full_clean
    self._clean_form()
  File "/usr/local/lib/python3.12/site-packages/django/forms/forms.py", line 354, in _clean_form
    cleaned_data = self.clean()
                   ^^^^^^^^^^^^
  File "/usr/local/lib/python3.12/site-packages/django/views/decorators/debug.py", line 75, in sensitive_variables_wrapper
    return func(*func_args, **func_kwargs)
           ^^^^^^^^^^^^^^^^^^^^^^^^^^^^^^^
  File "/usr/local/lib/python3.12/site-packages/django/contrib/auth/forms.py", line 349, in clean
    self.user_cache = authenticate(
                      ^^^^^^^^^^^^^
  File "/usr/local/lib/python3.12/site-packages/django/views/decorators/debug.py", line 75, in sensitive_variables_wrapper
    return func(*func_args, **func_kwargs)
           ^^^^^^^^^^^^^^^^^^^^^^^^^^^^^^^
  File "/usr/local/lib/python3.12/site-packages/django/contrib/auth/__init__.py", line 114, in authenticate
    user = backend.authenticate(request, **credentials)
           ^^^^^^^^^^^^^^^^^^^^^^^^^^^^^^^^^^^^^^^^^^^^
  File "/usr/local/lib/python3.12/site-packages/django/contrib/auth/backends.py", line 65, in authenticate
    user = UserModel._default_manager.get_by_natural_key(username)
           ^^^^^^^^^^^^^^^^^^^^^^^^^^^^^^^^^^^^^^^^^^^^^^^^^^^^^^^
  File "/usr/local/lib/python3.12/site-packages/django/contrib/auth/base_user.py", line 37, in get_by_natural_key
    return self.get(**{self.model.USERNAME_FIELD: username})
           ^^^^^^^^^^^^^^^^^^^^^^^^^^^^^^^^^^^^^^^^^^^^^^^^^
  File "/usr/local/lib/python3.12/site-packages/django/db/models/manager.py", line 87, in manager_method
    return getattr(self.get_queryset(), name)(*args, **kwargs)
           ^^^^^^^^^^^^^^^^^^^^^^^^^^^^^^^^^^^^^^^^^^^^^^^^^^^
  File "/usr/local/lib/python3.12/site-packages/django/db/models/query.py", line 635, in get
    num = len(clone)
          ^^^^^^^^^^
  File "/usr/local/lib/python3.12/site-packages/django/db/models/query.py", line 372, in __len__
    self._fetch_all()
  File "/usr/local/lib/python3.12/site-packages/django/db/models/query.py", line 2000, in _fetch_all
    self._result_cache = list(self._iterable_class(self))
                         ^^^^^^^^^^^^^^^^^^^^^^^^^^^^^^^^
  File "/usr/local/lib/python3.12/site-packages/django/db/models/query.py", line 95, in __iter__
    results = compiler.execute_sql(
              ^^^^^^^^^^^^^^^^^^^^^
  File "/usr/local/lib/python3.12/site-packages/django/db/models/sql/compiler.py", line 1624, in execute_sql
    cursor.execute(sql, params)
  File "/usr/local/lib/python3.12/site-packages/django/db/backends/utils.py", line 122, in execute
    return super().execute(sql, params)
           ^^^^^^^^^^^^^^^^^^^^^^^^^^^^
  File "/usr/local/lib/python3.12/site-packages/django/db/backends/utils.py", line 79, in execute
    return self._execute_with_wrappers(
           ^^^^^^^^^^^^^^^^^^^^^^^^^^^^
  File "/usr/local/lib/python3.12/site-packages/django/db/backends/utils.py", line 92, in _execute_with_wrappers
    return executor(sql, params, many, context)
           ^^^^^^^^^^^^^^^^^^^^^^^^^^^^^^^^^^^^
  File "/usr/local/lib/python3.12/site-packages/django/db/backends/utils.py", line 100, in _execute
    with self.db.wrap_database_errors:
         ^^^^^^^^^^^^^^^^^^^^^^^^^^^^
  File "/usr/local/lib/python3.12/site-packages/django/db/utils.py", line 94, in __exit__
    raise dj_exc_value.with_traceback(traceback) from exc_value
  File "/usr/local/lib/python3.12/site-packages/django/db/backends/utils.py", line 105, in _execute
    return self.cursor.execute(sql, params)
           ^^^^^^^^^^^^^^^^^^^^^^^^^^^^^^^^
django.db.utils.ProgrammingError: relation "usersapp_user" does not exist
LINE 1: ...rsapp_user"."email", "usersapp_user"."phone" FROM "usersapp_...
                                                             ^


======================================================================
ERROR 2026-07-13 13:13:55,539 
======================================================================
[TIME]: 2026-07-13 13:13:55
[USER]: Anonymous
[URL]: http://localhost:8000/admin/login/?next=/admin/
[DATA]: csrfmiddlewaretoken=FJ5cEN6xTthnca5OJDJE1qCEQ6HgQlCVqDdt6V3d5xrdJFiRzfgsnGJpzqRef5PJ&username=komiljonooov.d%40gmail.com&password=1&next=%2Fadmin%2F
[ERROR]: ConnectionError: Error -2 connecting to redis:6379. Name or service not known.
[TRACEBACK]:
Traceback (most recent call last):
  File "/usr/local/lib/python3.12/site-packages/django_redis/cache.py", line 48, in _decorator
    return method(self, *args, **kwargs)
           ^^^^^^^^^^^^^^^^^^^^^^^^^^^^^
  File "/usr/local/lib/python3.12/site-packages/django_redis/cache.py", line 162, in has_key
    return self.client.has_key(*args, **kwargs)
           ^^^^^^^^^^^^^^^^^^^^^^^^^^^^^^^^^^^^
  File "/usr/local/lib/python3.12/site-packages/django_redis/client/default.py", line 830, in has_key
    raise ConnectionInterrupted(connection=client) from e
django_redis.exceptions.ConnectionInterrupted: Redis ConnectionError: Error -2 connecting to redis:6379. Name or service not known.

During handling of the above exception, another exception occurred:

Traceback (most recent call last):
  File "/usr/local/lib/python3.12/site-packages/django/core/handlers/base.py", line 198, in _get_response
    response = wrapped_callback(request, *callback_args, **callback_kwargs)
               ^^^^^^^^^^^^^^^^^^^^^^^^^^^^^^^^^^^^^^^^^^^^^^^^^^^^^^^^^^^^
  File "/usr/local/lib/python3.12/site-packages/django/utils/decorators.py", line 48, in _wrapper
    return bound_method(*args, **kwargs)
           ^^^^^^^^^^^^^^^^^^^^^^^^^^^^^
  File "/usr/local/lib/python3.12/site-packages/django/views/decorators/cache.py", line 80, in _view_wrapper
    response = view_func(request, *args, **kwargs)
               ^^^^^^^^^^^^^^^^^^^^^^^^^^^^^^^^^^^
  File "/usr/local/lib/python3.12/site-packages/django/contrib/admin/sites.py", line 450, in login
    return LoginView.as_view(**defaults)(request)
           ^^^^^^^^^^^^^^^^^^^^^^^^^^^^^^^^^^^^^^
  File "/usr/local/lib/python3.12/site-packages/django/views/generic/base.py", line 106, in view
    return self.dispatch(request, *args, **kwargs)
           ^^^^^^^^^^^^^^^^^^^^^^^^^^^^^^^^^^^^^^^
  File "/usr/local/lib/python3.12/site-packages/django/utils/decorators.py", line 48, in _wrapper
    return bound_method(*args, **kwargs)
           ^^^^^^^^^^^^^^^^^^^^^^^^^^^^^
  File "/usr/local/lib/python3.12/site-packages/django/views/decorators/debug.py", line 143, in sensitive_post_parameters_wrapper
    return view(request, *args, **kwargs)
           ^^^^^^^^^^^^^^^^^^^^^^^^^^^^^^
  File "/usr/local/lib/python3.12/site-packages/django/utils/decorators.py", line 192, in _view_wrapper
    result = _process_exception(request, e)
             ^^^^^^^^^^^^^^^^^^^^^^^^^^^^^^
  File "/usr/local/lib/python3.12/site-packages/django/utils/decorators.py", line 190, in _view_wrapper
    response = view_func(request, *args, **kwargs)
               ^^^^^^^^^^^^^^^^^^^^^^^^^^^^^^^^^^^
  File "/usr/local/lib/python3.12/site-packages/django/views/decorators/cache.py", line 80, in _view_wrapper
    response = view_func(request, *args, **kwargs)
               ^^^^^^^^^^^^^^^^^^^^^^^^^^^^^^^^^^^
  File "/usr/local/lib/python3.12/site-packages/django/contrib/auth/views.py", line 89, in dispatch
    return super().dispatch(request, *args, **kwargs)
           ^^^^^^^^^^^^^^^^^^^^^^^^^^^^^^^^^^^^^^^^^^
  File "/usr/local/lib/python3.12/site-packages/django/views/generic/base.py", line 145, in dispatch
    return handler(request, *args, **kwargs)
           ^^^^^^^^^^^^^^^^^^^^^^^^^^^^^^^^^
  File "/usr/local/lib/python3.12/site-packages/django/views/generic/edit.py", line 151, in post
    return self.form_valid(form)
           ^^^^^^^^^^^^^^^^^^^^^
  File "/usr/local/lib/python3.12/site-packages/django/contrib/auth/views.py", line 108, in form_valid
    auth_login(self.request, form.get_user())
  File "/usr/local/lib/python3.12/site-packages/django/contrib/auth/__init__.py", line 187, in login
    request.session.cycle_key()
  File "/usr/local/lib/python3.12/site-packages/django/contrib/sessions/backends/base.py", line 434, in cycle_key
    self.create()
  File "/usr/local/lib/python3.12/site-packages/django/contrib/sessions/backends/cache.py", line 55, in create
    self._session_key = self._get_new_session_key()
                        ^^^^^^^^^^^^^^^^^^^^^^^^^^^
  File "/usr/local/lib/python3.12/site-packages/django/contrib/sessions/backends/base.py", line 198, in _get_new_session_key
    if not self.exists(session_key):
           ^^^^^^^^^^^^^^^^^^^^^^^^
  File "/usr/local/lib/python3.12/site-packages/django/contrib/sessions/backends/cache.py", line 117, in exists
    bool(session_key) and (self.cache_key_prefix + session_key) in self._cache
                          ^^^^^^^^^^^^^^^^^^^^^^^^^^^^^^^^^^^^^^^^^^^^^^^^^^^^
  File "/usr/local/lib/python3.12/site-packages/django/core/cache/backends/base.py", line 301, in __contains__
    return self.has_key(key)
           ^^^^^^^^^^^^^^^^^
  File "/usr/local/lib/python3.12/site-packages/django_redis/cache.py", line 55, in _decorator
    raise e.__cause__  # type: ignore[misc] # noqa: B904
    ^^^^^^^^^^^^^^^^^
  File "/usr/local/lib/python3.12/site-packages/django_redis/client/default.py", line 828, in has_key
    return client.exists(key) == 1
           ^^^^^^^^^^^^^^^^^^
  File "/usr/local/lib/python3.12/site-packages/redis/commands/core.py", line 2971, in exists
    return self.execute_command("EXISTS", *names, keys=names)
           ^^^^^^^^^^^^^^^^^^^^^^^^^^^^^^^^^^^^^^^^^^^^^^^^^^
  File "/usr/local/lib/python3.12/site-packages/redis/client.py", line 798, in execute_command
    return self._execute_command(*args, **options)
           ^^^^^^^^^^^^^^^^^^^^^^^^^^^^^^^^^^^^^^^
  File "/usr/local/lib/python3.12/site-packages/redis/client.py", line 804, in _execute_command
    conn = self.connection or pool.get_connection()
                              ^^^^^^^^^^^^^^^^^^^^^
  File "/usr/local/lib/python3.12/site-packages/redis/utils.py", line 258, in wrapper
    return func(*args, **kwargs)
           ^^^^^^^^^^^^^^^^^^^^^
  File "/usr/local/lib/python3.12/site-packages/redis/connection.py", line 3163, in get_connection
    connection.connect()
  File "/usr/local/lib/python3.12/site-packages/redis/connection.py", line 1007, in connect
    self.retry.call_with_retry(
  File "/usr/local/lib/python3.12/site-packages/redis/retry.py", line 132, in call_with_retry
    raise error
  File "/usr/local/lib/python3.12/site-packages/redis/retry.py", line 120, in call_with_retry
    return do()
           ^^^^
  File "/usr/local/lib/python3.12/site-packages/redis/connection.py", line 1008, in <lambda>
    lambda: self.connect_check_health(
            ^^^^^^^^^^^^^^^^^^^^^^^^^^
  File "/usr/local/lib/python3.12/site-packages/redis/connection.py", line 1056, in connect_check_health
    raise e
redis.exceptions.ConnectionError: Error -2 connecting to redis:6379. Name or service not known.

======================================================================
ERROR 2026-07-13 13:13:58,327 
======================================================================
[TIME]: 2026-07-13 13:13:58
[USER]: Anonymous
[URL]: http://localhost:8000/admin/login/?next=/admin/
[DATA]: csrfmiddlewaretoken=tzXCmxrY2wBxg8ARzs3eaTcuVi859LYpet5TOFoEeALnNDNUp4A2w9jfECi3yvbd&username=komiljonooov.d%40gmail.com&password=1&next=%2Fadmin%2F
[ERROR]: ConnectionError: Error -2 connecting to redis:6379. Name or service not known.
[TRACEBACK]:
Traceback (most recent call last):
  File "/usr/local/lib/python3.12/site-packages/django_redis/cache.py", line 48, in _decorator
    return method(self, *args, **kwargs)
           ^^^^^^^^^^^^^^^^^^^^^^^^^^^^^
  File "/usr/local/lib/python3.12/site-packages/django_redis/cache.py", line 162, in has_key
    return self.client.has_key(*args, **kwargs)
           ^^^^^^^^^^^^^^^^^^^^^^^^^^^^^^^^^^^^
  File "/usr/local/lib/python3.12/site-packages/django_redis/client/default.py", line 830, in has_key
    raise ConnectionInterrupted(connection=client) from e
django_redis.exceptions.ConnectionInterrupted: Redis ConnectionError: Error -2 connecting to redis:6379. Name or service not known.

During handling of the above exception, another exception occurred:

Traceback (most recent call last):
  File "/usr/local/lib/python3.12/site-packages/django/core/handlers/base.py", line 198, in _get_response
    response = wrapped_callback(request, *callback_args, **callback_kwargs)
               ^^^^^^^^^^^^^^^^^^^^^^^^^^^^^^^^^^^^^^^^^^^^^^^^^^^^^^^^^^^^
  File "/usr/local/lib/python3.12/site-packages/django/utils/decorators.py", line 48, in _wrapper
    return bound_method(*args, **kwargs)
           ^^^^^^^^^^^^^^^^^^^^^^^^^^^^^
  File "/usr/local/lib/python3.12/site-packages/django/views/decorators/cache.py", line 80, in _view_wrapper
    response = view_func(request, *args, **kwargs)
               ^^^^^^^^^^^^^^^^^^^^^^^^^^^^^^^^^^^
  File "/usr/local/lib/python3.12/site-packages/django/contrib/admin/sites.py", line 450, in login
    return LoginView.as_view(**defaults)(request)
           ^^^^^^^^^^^^^^^^^^^^^^^^^^^^^^^^^^^^^^
  File "/usr/local/lib/python3.12/site-packages/django/views/generic/base.py", line 106, in view
    return self.dispatch(request, *args, **kwargs)
           ^^^^^^^^^^^^^^^^^^^^^^^^^^^^^^^^^^^^^^^
  File "/usr/local/lib/python3.12/site-packages/django/utils/decorators.py", line 48, in _wrapper
    return bound_method(*args, **kwargs)
           ^^^^^^^^^^^^^^^^^^^^^^^^^^^^^
  File "/usr/local/lib/python3.12/site-packages/django/views/decorators/debug.py", line 143, in sensitive_post_parameters_wrapper
    return view(request, *args, **kwargs)
           ^^^^^^^^^^^^^^^^^^^^^^^^^^^^^^
  File "/usr/local/lib/python3.12/site-packages/django/utils/decorators.py", line 192, in _view_wrapper
    result = _process_exception(request, e)
             ^^^^^^^^^^^^^^^^^^^^^^^^^^^^^^
  File "/usr/local/lib/python3.12/site-packages/django/utils/decorators.py", line 190, in _view_wrapper
    response = view_func(request, *args, **kwargs)
               ^^^^^^^^^^^^^^^^^^^^^^^^^^^^^^^^^^^
  File "/usr/local/lib/python3.12/site-packages/django/views/decorators/cache.py", line 80, in _view_wrapper
    response = view_func(request, *args, **kwargs)
               ^^^^^^^^^^^^^^^^^^^^^^^^^^^^^^^^^^^
  File "/usr/local/lib/python3.12/site-packages/django/contrib/auth/views.py", line 89, in dispatch
    return super().dispatch(request, *args, **kwargs)
           ^^^^^^^^^^^^^^^^^^^^^^^^^^^^^^^^^^^^^^^^^^
  File "/usr/local/lib/python3.12/site-packages/django/views/generic/base.py", line 145, in dispatch
    return handler(request, *args, **kwargs)
           ^^^^^^^^^^^^^^^^^^^^^^^^^^^^^^^^^
  File "/usr/local/lib/python3.12/site-packages/django/views/generic/edit.py", line 151, in post
    return self.form_valid(form)
           ^^^^^^^^^^^^^^^^^^^^^
  File "/usr/local/lib/python3.12/site-packages/django/contrib/auth/views.py", line 108, in form_valid
    auth_login(self.request, form.get_user())
  File "/usr/local/lib/python3.12/site-packages/django/contrib/auth/__init__.py", line 187, in login
    request.session.cycle_key()
  File "/usr/local/lib/python3.12/site-packages/django/contrib/sessions/backends/base.py", line 434, in cycle_key
    self.create()
  File "/usr/local/lib/python3.12/site-packages/django/contrib/sessions/backends/cache.py", line 55, in create
    self._session_key = self._get_new_session_key()
                        ^^^^^^^^^^^^^^^^^^^^^^^^^^^
  File "/usr/local/lib/python3.12/site-packages/django/contrib/sessions/backends/base.py", line 198, in _get_new_session_key
    if not self.exists(session_key):
           ^^^^^^^^^^^^^^^^^^^^^^^^
  File "/usr/local/lib/python3.12/site-packages/django/contrib/sessions/backends/cache.py", line 117, in exists
    bool(session_key) and (self.cache_key_prefix + session_key) in self._cache
                          ^^^^^^^^^^^^^^^^^^^^^^^^^^^^^^^^^^^^^^^^^^^^^^^^^^^^
  File "/usr/local/lib/python3.12/site-packages/django/core/cache/backends/base.py", line 301, in __contains__
    return self.has_key(key)
           ^^^^^^^^^^^^^^^^^
  File "/usr/local/lib/python3.12/site-packages/django_redis/cache.py", line 55, in _decorator
    raise e.__cause__  # type: ignore[misc] # noqa: B904
    ^^^^^^^^^^^^^^^^^
  File "/usr/local/lib/python3.12/site-packages/django_redis/client/default.py", line 828, in has_key
    return client.exists(key) == 1
           ^^^^^^^^^^^^^^^^^^
  File "/usr/local/lib/python3.12/site-packages/redis/commands/core.py", line 2971, in exists
    return self.execute_command("EXISTS", *names, keys=names)
           ^^^^^^^^^^^^^^^^^^^^^^^^^^^^^^^^^^^^^^^^^^^^^^^^^^
  File "/usr/local/lib/python3.12/site-packages/redis/client.py", line 798, in execute_command
    return self._execute_command(*args, **options)
           ^^^^^^^^^^^^^^^^^^^^^^^^^^^^^^^^^^^^^^^
  File "/usr/local/lib/python3.12/site-packages/redis/client.py", line 804, in _execute_command
    conn = self.connection or pool.get_connection()
                              ^^^^^^^^^^^^^^^^^^^^^
  File "/usr/local/lib/python3.12/site-packages/redis/utils.py", line 258, in wrapper
    return func(*args, **kwargs)
           ^^^^^^^^^^^^^^^^^^^^^
  File "/usr/local/lib/python3.12/site-packages/redis/connection.py", line 3163, in get_connection
    connection.connect()
  File "/usr/local/lib/python3.12/site-packages/redis/connection.py", line 1007, in connect
    self.retry.call_with_retry(
  File "/usr/local/lib/python3.12/site-packages/redis/retry.py", line 132, in call_with_retry
    raise error
  File "/usr/local/lib/python3.12/site-packages/redis/retry.py", line 120, in call_with_retry
    return do()
           ^^^^
  File "/usr/local/lib/python3.12/site-packages/redis/connection.py", line 1008, in <lambda>
    lambda: self.connect_check_health(
            ^^^^^^^^^^^^^^^^^^^^^^^^^^
  File "/usr/local/lib/python3.12/site-packages/redis/connection.py", line 1056, in connect_check_health
    raise e
redis.exceptions.ConnectionError: Error -2 connecting to redis:6379. Name or service not known.

======================================================================
ERROR 2026-07-13 13:14:22,474 
======================================================================
[TIME]: 2026-07-13 13:14:22
[USER]: Anonymous
[URL]: http://localhost:8000/admin/login/?next=/admin/
[DATA]: csrfmiddlewaretoken=tzXCmxrY2wBxg8ARzs3eaTcuVi859LYpet5TOFoEeALnNDNUp4A2w9jfECi3yvbd&username=komiljonooov.d%40gmail.com&password=1&next=%2Fadmin%2F
[ERROR]: ConnectionError: Error -2 connecting to redis:6379. Name or service not known.
[TRACEBACK]:
Traceback (most recent call last):
  File "/usr/local/lib/python3.12/site-packages/django_redis/cache.py", line 48, in _decorator
    return method(self, *args, **kwargs)
           ^^^^^^^^^^^^^^^^^^^^^^^^^^^^^
  File "/usr/local/lib/python3.12/site-packages/django_redis/cache.py", line 162, in has_key
    return self.client.has_key(*args, **kwargs)
           ^^^^^^^^^^^^^^^^^^^^^^^^^^^^^^^^^^^^
  File "/usr/local/lib/python3.12/site-packages/django_redis/client/default.py", line 830, in has_key
    raise ConnectionInterrupted(connection=client) from e
django_redis.exceptions.ConnectionInterrupted: Redis ConnectionError: Error -2 connecting to redis:6379. Name or service not known.

During handling of the above exception, another exception occurred:

Traceback (most recent call last):
  File "/usr/local/lib/python3.12/site-packages/django/core/handlers/base.py", line 198, in _get_response
    response = wrapped_callback(request, *callback_args, **callback_kwargs)
               ^^^^^^^^^^^^^^^^^^^^^^^^^^^^^^^^^^^^^^^^^^^^^^^^^^^^^^^^^^^^
  File "/usr/local/lib/python3.12/site-packages/django/utils/decorators.py", line 48, in _wrapper
    return bound_method(*args, **kwargs)
           ^^^^^^^^^^^^^^^^^^^^^^^^^^^^^
  File "/usr/local/lib/python3.12/site-packages/django/views/decorators/cache.py", line 80, in _view_wrapper
    response = view_func(request, *args, **kwargs)
               ^^^^^^^^^^^^^^^^^^^^^^^^^^^^^^^^^^^
  File "/usr/local/lib/python3.12/site-packages/django/contrib/admin/sites.py", line 450, in login
    return LoginView.as_view(**defaults)(request)
           ^^^^^^^^^^^^^^^^^^^^^^^^^^^^^^^^^^^^^^
  File "/usr/local/lib/python3.12/site-packages/django/views/generic/base.py", line 106, in view
    return self.dispatch(request, *args, **kwargs)
           ^^^^^^^^^^^^^^^^^^^^^^^^^^^^^^^^^^^^^^^
  File "/usr/local/lib/python3.12/site-packages/django/utils/decorators.py", line 48, in _wrapper
    return bound_method(*args, **kwargs)
           ^^^^^^^^^^^^^^^^^^^^^^^^^^^^^
  File "/usr/local/lib/python3.12/site-packages/django/views/decorators/debug.py", line 143, in sensitive_post_parameters_wrapper
    return view(request, *args, **kwargs)
           ^^^^^^^^^^^^^^^^^^^^^^^^^^^^^^
  File "/usr/local/lib/python3.12/site-packages/django/utils/decorators.py", line 192, in _view_wrapper
    result = _process_exception(request, e)
             ^^^^^^^^^^^^^^^^^^^^^^^^^^^^^^
  File "/usr/local/lib/python3.12/site-packages/django/utils/decorators.py", line 190, in _view_wrapper
    response = view_func(request, *args, **kwargs)
               ^^^^^^^^^^^^^^^^^^^^^^^^^^^^^^^^^^^
  File "/usr/local/lib/python3.12/site-packages/django/views/decorators/cache.py", line 80, in _view_wrapper
    response = view_func(request, *args, **kwargs)
               ^^^^^^^^^^^^^^^^^^^^^^^^^^^^^^^^^^^
  File "/usr/local/lib/python3.12/site-packages/django/contrib/auth/views.py", line 89, in dispatch
    return super().dispatch(request, *args, **kwargs)
           ^^^^^^^^^^^^^^^^^^^^^^^^^^^^^^^^^^^^^^^^^^
  File "/usr/local/lib/python3.12/site-packages/django/views/generic/base.py", line 145, in dispatch
    return handler(request, *args, **kwargs)
           ^^^^^^^^^^^^^^^^^^^^^^^^^^^^^^^^^
  File "/usr/local/lib/python3.12/site-packages/django/views/generic/edit.py", line 151, in post
    return self.form_valid(form)
           ^^^^^^^^^^^^^^^^^^^^^
  File "/usr/local/lib/python3.12/site-packages/django/contrib/auth/views.py", line 108, in form_valid
    auth_login(self.request, form.get_user())
  File "/usr/local/lib/python3.12/site-packages/django/contrib/auth/__init__.py", line 187, in login
    request.session.cycle_key()
  File "/usr/local/lib/python3.12/site-packages/django/contrib/sessions/backends/base.py", line 434, in cycle_key
    self.create()
  File "/usr/local/lib/python3.12/site-packages/django/contrib/sessions/backends/cache.py", line 55, in create
    self._session_key = self._get_new_session_key()
                        ^^^^^^^^^^^^^^^^^^^^^^^^^^^
  File "/usr/local/lib/python3.12/site-packages/django/contrib/sessions/backends/base.py", line 198, in _get_new_session_key
    if not self.exists(session_key):
           ^^^^^^^^^^^^^^^^^^^^^^^^
  File "/usr/local/lib/python3.12/site-packages/django/contrib/sessions/backends/cache.py", line 117, in exists
    bool(session_key) and (self.cache_key_prefix + session_key) in self._cache
                          ^^^^^^^^^^^^^^^^^^^^^^^^^^^^^^^^^^^^^^^^^^^^^^^^^^^^
  File "/usr/local/lib/python3.12/site-packages/django/core/cache/backends/base.py", line 301, in __contains__
    return self.has_key(key)
           ^^^^^^^^^^^^^^^^^
  File "/usr/local/lib/python3.12/site-packages/django_redis/cache.py", line 55, in _decorator
    raise e.__cause__  # type: ignore[misc] # noqa: B904
    ^^^^^^^^^^^^^^^^^
  File "/usr/local/lib/python3.12/site-packages/django_redis/client/default.py", line 828, in has_key
    return client.exists(key) == 1
           ^^^^^^^^^^^^^^^^^^
  File "/usr/local/lib/python3.12/site-packages/redis/commands/core.py", line 2971, in exists
    return self.execute_command("EXISTS", *names, keys=names)
           ^^^^^^^^^^^^^^^^^^^^^^^^^^^^^^^^^^^^^^^^^^^^^^^^^^
  File "/usr/local/lib/python3.12/site-packages/redis/client.py", line 798, in execute_command
    return self._execute_command(*args, **options)
           ^^^^^^^^^^^^^^^^^^^^^^^^^^^^^^^^^^^^^^^
  File "/usr/local/lib/python3.12/site-packages/redis/client.py", line 804, in _execute_command
    conn = self.connection or pool.get_connection()
                              ^^^^^^^^^^^^^^^^^^^^^
  File "/usr/local/lib/python3.12/site-packages/redis/utils.py", line 258, in wrapper
    return func(*args, **kwargs)
           ^^^^^^^^^^^^^^^^^^^^^
  File "/usr/local/lib/python3.12/site-packages/redis/connection.py", line 3163, in get_connection
    connection.connect()
  File "/usr/local/lib/python3.12/site-packages/redis/connection.py", line 1007, in connect
    self.retry.call_with_retry(
  File "/usr/local/lib/python3.12/site-packages/redis/retry.py", line 132, in call_with_retry
    raise error
  File "/usr/local/lib/python3.12/site-packages/redis/retry.py", line 120, in call_with_retry
    return do()
           ^^^^
  File "/usr/local/lib/python3.12/site-packages/redis/connection.py", line 1008, in <lambda>
    lambda: self.connect_check_health(
            ^^^^^^^^^^^^^^^^^^^^^^^^^^
  File "/usr/local/lib/python3.12/site-packages/redis/connection.py", line 1056, in connect_check_health
    raise e
redis.exceptions.ConnectionError: Error -2 connecting to redis:6379. Name or service not known.

======================================================================
ERROR 2026-07-13 13:14:33,582 
======================================================================
[TIME]: 2026-07-13 13:14:33
[USER]: Anonymous
[URL]: http://localhost:8000/admin/login/?next=/admin/
[DATA]: csrfmiddlewaretoken=tzXCmxrY2wBxg8ARzs3eaTcuVi859LYpet5TOFoEeALnNDNUp4A2w9jfECi3yvbd&username=komiljonooov.d%40gmail.com&password=1&next=%2Fadmin%2F
[ERROR]: ConnectionError: Error -2 connecting to redis:6379. Name or service not known.
[TRACEBACK]:
Traceback (most recent call last):
  File "/usr/local/lib/python3.12/site-packages/django_redis/cache.py", line 48, in _decorator
    return method(self, *args, **kwargs)
           ^^^^^^^^^^^^^^^^^^^^^^^^^^^^^
  File "/usr/local/lib/python3.12/site-packages/django_redis/cache.py", line 162, in has_key
    return self.client.has_key(*args, **kwargs)
           ^^^^^^^^^^^^^^^^^^^^^^^^^^^^^^^^^^^^
  File "/usr/local/lib/python3.12/site-packages/django_redis/client/default.py", line 830, in has_key
    raise ConnectionInterrupted(connection=client) from e
django_redis.exceptions.ConnectionInterrupted: Redis ConnectionError: Error -2 connecting to redis:6379. Name or service not known.

During handling of the above exception, another exception occurred:

Traceback (most recent call last):
  File "/usr/local/lib/python3.12/site-packages/django/core/handlers/base.py", line 198, in _get_response
    response = wrapped_callback(request, *callback_args, **callback_kwargs)
               ^^^^^^^^^^^^^^^^^^^^^^^^^^^^^^^^^^^^^^^^^^^^^^^^^^^^^^^^^^^^
  File "/usr/local/lib/python3.12/site-packages/django/utils/decorators.py", line 48, in _wrapper
    return bound_method(*args, **kwargs)
           ^^^^^^^^^^^^^^^^^^^^^^^^^^^^^
  File "/usr/local/lib/python3.12/site-packages/django/views/decorators/cache.py", line 80, in _view_wrapper
    response = view_func(request, *args, **kwargs)
               ^^^^^^^^^^^^^^^^^^^^^^^^^^^^^^^^^^^
  File "/usr/local/lib/python3.12/site-packages/django/contrib/admin/sites.py", line 450, in login
    return LoginView.as_view(**defaults)(request)
           ^^^^^^^^^^^^^^^^^^^^^^^^^^^^^^^^^^^^^^
  File "/usr/local/lib/python3.12/site-packages/django/views/generic/base.py", line 106, in view
    return self.dispatch(request, *args, **kwargs)
           ^^^^^^^^^^^^^^^^^^^^^^^^^^^^^^^^^^^^^^^
  File "/usr/local/lib/python3.12/site-packages/django/utils/decorators.py", line 48, in _wrapper
    return bound_method(*args, **kwargs)
           ^^^^^^^^^^^^^^^^^^^^^^^^^^^^^
  File "/usr/local/lib/python3.12/site-packages/django/views/decorators/debug.py", line 143, in sensitive_post_parameters_wrapper
    return view(request, *args, **kwargs)
           ^^^^^^^^^^^^^^^^^^^^^^^^^^^^^^
  File "/usr/local/lib/python3.12/site-packages/django/utils/decorators.py", line 192, in _view_wrapper
    result = _process_exception(request, e)
             ^^^^^^^^^^^^^^^^^^^^^^^^^^^^^^
  File "/usr/local/lib/python3.12/site-packages/django/utils/decorators.py", line 190, in _view_wrapper
    response = view_func(request, *args, **kwargs)
               ^^^^^^^^^^^^^^^^^^^^^^^^^^^^^^^^^^^
  File "/usr/local/lib/python3.12/site-packages/django/views/decorators/cache.py", line 80, in _view_wrapper
    response = view_func(request, *args, **kwargs)
               ^^^^^^^^^^^^^^^^^^^^^^^^^^^^^^^^^^^
  File "/usr/local/lib/python3.12/site-packages/django/contrib/auth/views.py", line 89, in dispatch
    return super().dispatch(request, *args, **kwargs)
           ^^^^^^^^^^^^^^^^^^^^^^^^^^^^^^^^^^^^^^^^^^
  File "/usr/local/lib/python3.12/site-packages/django/views/generic/base.py", line 145, in dispatch
    return handler(request, *args, **kwargs)
           ^^^^^^^^^^^^^^^^^^^^^^^^^^^^^^^^^
  File "/usr/local/lib/python3.12/site-packages/django/views/generic/edit.py", line 151, in post
    return self.form_valid(form)
           ^^^^^^^^^^^^^^^^^^^^^
  File "/usr/local/lib/python3.12/site-packages/django/contrib/auth/views.py", line 108, in form_valid
    auth_login(self.request, form.get_user())
  File "/usr/local/lib/python3.12/site-packages/django/contrib/auth/__init__.py", line 187, in login
    request.session.cycle_key()
  File "/usr/local/lib/python3.12/site-packages/django/contrib/sessions/backends/base.py", line 434, in cycle_key
    self.create()
  File "/usr/local/lib/python3.12/site-packages/django/contrib/sessions/backends/cache.py", line 55, in create
    self._session_key = self._get_new_session_key()
                        ^^^^^^^^^^^^^^^^^^^^^^^^^^^
  File "/usr/local/lib/python3.12/site-packages/django/contrib/sessions/backends/base.py", line 198, in _get_new_session_key
    if not self.exists(session_key):
           ^^^^^^^^^^^^^^^^^^^^^^^^
  File "/usr/local/lib/python3.12/site-packages/django/contrib/sessions/backends/cache.py", line 117, in exists
    bool(session_key) and (self.cache_key_prefix + session_key) in self._cache
                          ^^^^^^^^^^^^^^^^^^^^^^^^^^^^^^^^^^^^^^^^^^^^^^^^^^^^
  File "/usr/local/lib/python3.12/site-packages/django/core/cache/backends/base.py", line 301, in __contains__
    return self.has_key(key)
           ^^^^^^^^^^^^^^^^^
  File "/usr/local/lib/python3.12/site-packages/django_redis/cache.py", line 55, in _decorator
    raise e.__cause__  # type: ignore[misc] # noqa: B904
    ^^^^^^^^^^^^^^^^^
  File "/usr/local/lib/python3.12/site-packages/django_redis/client/default.py", line 828, in has_key
    return client.exists(key) == 1
           ^^^^^^^^^^^^^^^^^^
  File "/usr/local/lib/python3.12/site-packages/redis/commands/core.py", line 2971, in exists
    return self.execute_command("EXISTS", *names, keys=names)
           ^^^^^^^^^^^^^^^^^^^^^^^^^^^^^^^^^^^^^^^^^^^^^^^^^^
  File "/usr/local/lib/python3.12/site-packages/redis/client.py", line 798, in execute_command
    return self._execute_command(*args, **options)
           ^^^^^^^^^^^^^^^^^^^^^^^^^^^^^^^^^^^^^^^
  File "/usr/local/lib/python3.12/site-packages/redis/client.py", line 804, in _execute_command
    conn = self.connection or pool.get_connection()
                              ^^^^^^^^^^^^^^^^^^^^^
  File "/usr/local/lib/python3.12/site-packages/redis/utils.py", line 258, in wrapper
    return func(*args, **kwargs)
           ^^^^^^^^^^^^^^^^^^^^^
  File "/usr/local/lib/python3.12/site-packages/redis/connection.py", line 3163, in get_connection
    connection.connect()
  File "/usr/local/lib/python3.12/site-packages/redis/connection.py", line 1007, in connect
    self.retry.call_with_retry(
  File "/usr/local/lib/python3.12/site-packages/redis/retry.py", line 132, in call_with_retry
    raise error
  File "/usr/local/lib/python3.12/site-packages/redis/retry.py", line 120, in call_with_retry
    return do()
           ^^^^
  File "/usr/local/lib/python3.12/site-packages/redis/connection.py", line 1008, in <lambda>
    lambda: self.connect_check_health(
            ^^^^^^^^^^^^^^^^^^^^^^^^^^
  File "/usr/local/lib/python3.12/site-packages/redis/connection.py", line 1056, in connect_check_health
    raise e
redis.exceptions.ConnectionError: Error -2 connecting to redis:6379. Name or service not known.

======================================================================
